#
# There is insufficient memory for the Java Runtime Environment to continue.
# Native memory allocation (malloc) failed to allocate 32744 bytes for ChunkPool::allocate
# Possible reasons:
#   The system is out of physical RAM or swap space
#   The process is running with CompressedOops enabled, and the Java Heap may be blocking the growth of the native heap
# Possible solutions:
#   Reduce memory load on the system
#   Increase physical memory or swap space
#   Check if swap backing store is full
#   Decrease Java heap size (-Xmx/-Xms)
#   Decrease number of Java threads
#   Decrease Java thread stack sizes (-Xss)
#   Set larger code cache with -XX:ReservedCodeCacheSize=
#
#  , tid=3496V  [jvm.dll+0x5fbcea]
V  [jvm.dll+0x731905]
V  [jvm.dll+0x732f1d]
V  [jvm.dll+0x7335d3]
V  [jvm.dll+0x247bf8]
V  [jvm.dll+0xc041b]
V  [jvm.dll+0xc06cc]
V  [jvm.dll+0x6580d7]
V  [jvm.dll+0x65946b]
V  [jvm.dll+0x369833]
V  [jvm.dll+0x366a92]
V  [jvm.dll+0x365da4]
V  [jvm.dll+0x365d48]
V  [jvm.dll+0x3734a7]
C  0x000001df03a4ee13

Java frames: (J=compiled Java code, j=interpreted, Vv=VM code)
j  org.gradle.internal.logging.text.AbstractStyledTextOutput.exception(Ljava/lang/Throwable;)Lorg/gradle/internal/logging/text/StyledTextOutput;+8
j  org.gradle.internal.logging.events.LogEvent.render(Lorg/gradle/internal/logging/text/StyledTextOutput;)V+30
J 6488 c1 org.gradle.internal.logging.console.StyledTextOutputBackedRenderer.onOutput(Lorg/gradle/internal/logging/events/OutputEvent;)V (260 bytes) @ 0x000001df04d759ac [0x000001df04d73680+0x000000000000232c]
J 1727 c1 org.gradle.internal.logging.sink.LogEventDispatcher.dispatch(Lorg/gradle/internal/logging/events/OutputEvent;Lorg/gradle/internal/logging/events/OutputEventListener;)V (12 bytes) @ 0x000001df0435ad74 [0x000001df0435ac40+0x0000000000000134]
j  org.gradle.internal.logging.sink.LogEventDispatcher.onOutput(Lorg/gradle/internal/logging/events/OutputEvent;)V+44
j  org.gradle.internal.logging.sink.OutputEventRenderer$LazyListener.onOutput(Lorg/gradle/internal/logging/events/OutputEvent;)V+89
J 7737 c2 org.gradle.internal.event.AbstractBroadcastDispatch.dispatch(Lorg/gradle/internal/dispatch/MethodInvocation;Lorg/gradle/internal/dispatch/Dispatch;)V (74 bytes) @ 0x000001df0b98c008 [0x000001df0b98bea0+0x0000000000000168]
J 23504 c1 org.gradle.internal.event.BroadcastDispatch$SingletonDispatch.dispatch(Ljava/lang/Object;)V (9 bytes) @ 0x000001df0768646c [0x000001df07686260+0x000000000000020c]
J 21107 c2 org.gradle.internal.event.ListenerBroadcast.dispatch(Ljava/lang/Object;)V (9 bytes) @ 0x000001df0bccf890 [0x000001df0bccf7c0+0x00000000000000d0]
J 18983 c2 org.gradle.internal.dispatch.ProxyDispatchAdapter$DispatchingInvocationHandler.invoke(Ljava/lang/Object;Ljava/lang/reflect/Method;[Ljava/lang/Object;)Ljava/lang/Object; (184 bytes) @ 0x000001df0b7bb994 [0x000001df0b7bb4e0+0x00000000000004b4]
J 7588 c1 com.sun.proxy.$Proxy0.onOutput(Lorg/gradle/internal/logging/events/OutputEvent;)V (34 bytes) @ 0x000001df04f7ca54 [0x000001df04f7c780+0x00000000000002d4]
j  org.gradle.internal.logging.sink.OutputEventTransformer.onOutput(Lorg/gradle/internal/logging/events/OutputEvent;)V+380
j  org.gradle.internal.logging.sink.OutputEventRenderer.onOutput(Lorg/gradle/internal/logging/events/OutputEvent;)V+85
j  org.gradle.internal.logging.sink.OutputEventListenerManager$1.onOutput(Lorg/gradle/internal/logging/events/OutputEvent;)V+8
j  org.gradle.internal.logging.slf4j.OutputEventListenerBackedLogger.log(Lorg/gradle/api/logging/LogLevel;Ljava/lang/Throwable;Ljava/lang/String;Lorg/gradle/internal/operations/OperationIdentifier;)V+40
j  org.gradle.internal.logging.slf4j.BuildOperationAwareLogger.log(Lorg/gradle/api/logging/LogLevel;Ljava/lang/Throwable;Ljava/lang/String;)V+10
j  org.gradle.internal.logging.slf4j.BuildOperationAwareLogger.error(Ljava/lang/String;Ljava/lang/Throwable;)V+13
j  org.gradle.internal.logging.slf4j.OutputEventListenerBackedLogger.error(Ljava/lang/String;Ljava/lang/Throwable;)V+3
j  org.gradle.process.internal.streams.ExecOutputHandleRunner.forwardContent()V+113
j  org.gradle.process.internal.streams.ExecOutputHandleRunner.run()V+1
j  org.gradle.internal.operations.CurrentBuildOperationPreservingRunnable.run()V+34
J 7770 c1 org.gradle.internal.concurrent.ManagedExecutorImpl$1.run()V (57 bytes) @ 0x000001df04ffcb5c [0x000001df04ffc8e0+0x000000000000027c]
j  java.util.concurrent.ThreadPoolExecutor.runWorker(Ljava/util/concurrent/ThreadPoolExecutor$Worker;)V+92 java.base@11.0.12
j  java.util.concurrent.ThreadPoolExecutor$Worker.run()V+5 java.base@11.0.12
j  java.lang.Thread.run()V+11 java.base@11.0.12
v  ~StubRoutines::call_stub

---------------  P R O C E S S  ---------------

Threads class SMR info:
_java_thread_list=0x000001df20ce4b20, length=135, elements={
0x000001df7db6a000, 0x000001df18e6e800, 0x000001df18e91800, 0x000001df19813800,
0x000001df19817800, 0x000001df19819000, 0x000001df1981d000, 0x000001df19820000,
0x000001df19823000, 0x000001df1996b800, 0x000001df1ac9f000, 0x000001df1ad8c800,
0x000001df1b1bb800, 0x000001df1bbc6000, 0x000001df1b995800, 0x000001df1a9e6800,
0x000001df1aded000, 0x000001df1a714800, 0x000001df1b7a1800, 0x000001df1b7a0000,
0x000001df1b79e000, 0x000001df1b7a0800, 0x000001df1b7a3000, 0x000001df1b7a2000,
0x000001df1b7a4000, 0x000001df1b7a4800, 0x000001df1b79f000, 0x000001df1be67800,
0x000001df1be68800, 0x000001df1be63800, 0x000001df1be63000, 0x000001df1be6a000,
0x000001df1be64800, 0x000001df1be65800, 0x000001df1be6c000, 0x000001df1be66000,
0x000001df1be6c800, 0x000001df1be67000, 0x000001df1be6f000, 0x000001df1be6e800,
0x000001df1be6d800, 0x000001df1be70000, 0x000001df1be70800, 0x000001df1be71800,
0x000001df1aeb3800, 0x000001df1aeb5000, 0x000001df1aeb0000, 0x000001df1aeb4000,
0x000001df1aeaf000, 0x000001df1aeb2800, 0x000001df1aeb1800, 0x000001df1aeb5800,
0x000001df1aeb6800, 0x000001df1aeb1000, 0x000001df1aeb8000, 0x000001df1aeba800,
0x000001df1aeb9000, 0x000001df1aeba000, 0x000001df1aebb800, 0x000001df1aebc800,
0x000001df1aebd000, 0x000001df1aeb7800, 0x000001df1aebe000, 0x000001df1cb8f000,
0x000001df1cb93000, 0x000001df1cb90000, 0x000001df1cb94000, 0x000001df1cb8e800,
0x000001df1cb95800, 0x000001df1cb92800, 0x000001df1cb95000, 0x000001df1cb96800,
0x000001df1cb91800, 0x000001df1cb90800, 0x000001df1cb99000, 0x000001df1cb9b800,
0x000001df1cb98000, 0x000001df1cb9a800, 0x000001df1cb99800, 0x000001df1cb9c000,
0x000001df1cb9d000, 0x000001df1cb97800, 0x000001df1cefe000, 0x000001df1cefc000,
0x000001df1cefc800, 0x000001df1cefa000, 0x000001df1cefd800, 0x000001df1cef8800,
0x000001df1ceff000, 0x000001df1cef9800, 0x000001df1cf00000, 0x000001df1cf00800,
0x000001df1cefb000, 0x000001df1cf06800, 0x000001df1cf01800, 0x000001df1cf04800,
0x000001df1cf05800, 0x000001df1cf02800, 0x000001df1cf03000, 0x000001df1cf07000,
0x000001df1cf04000, 0x000001df1aa1b000, 0x000001df1aa1e800, 0x000001df1aa20000,
0x000001df1aa1c000, 0x000001df1aa1a000, 0x000001df1aa1f000, 0x000001df1aa21800,
0x000001df1aa21000, 0x000001df1aa22800, 0x000001df1aa1c800, 0x000001df1aa23000,
0x000001df1aa1d800, 0x000001df1aa24000, 0x000001df1aa29000, 0x000001df1aa26800,
0x000001df1aa27800, 0x000001df1aa25000, 0x000001df1aa25800, 0x000001df1aa28000,
0x000001df1cc82000, 0x000001df1cc86800, 0x000001df1cc81800, 0x000001df1cc90000,
0x000001df1cc8d000, 0x000001df24717800, 0x000001df24719800, 0x000001df2471c800,
0x000001df24718800, 0x000001df2471a000, 0x000001df2471f000, 0x000001df24720800,
0x000001df2471b000, 0x000001df24721800, 0x000001df2471c000
}

Java Threads: ( => current thread )
  0x000001df7db6a000 JavaThread "main" [_thread_blocked, id=17004, stack(0x000000958b800000,0x000000958b900000)]
  0x000001df18e6e800 JavaThread "Reference Handler" daemon [_thread_blocked, id=15684, stack(0x000000958bf00000,0x000000958c000000)]
  0x000001df18e91800 JavaThread "Finalizer" daemon [_thread_blocked, id=3048, stack(0x000000958c000000,0x000000958c100000)]
  0x000001df19813800 JavaThread "Signal Dispatcher" daemon [_thread_blocked, id=14648, stack(0x000000958c100000,0x000000958c200000)]
  0x000001df19817800 JavaThread "Attach Listener" daemon [_thread_blocked, id=18120, stack(0x000000958c200000,0x000000958c300000)]
  0x000001df19819000 JavaThread "Service Thread" daemon [_thread_blocked, id=16868, stack(0x000000958c300000,0x000000958c400000)]
  0x000001df1981d000 JavaThread "C2 CompilerThread0" daemon [_thread_in_vm, id=11868, stack(0x000000958c400000,0x000000958c500000)]
  0x000001df19820000 JavaThread "C1 CompilerThread0" daemon [_thread_blocked, id=3752, stack(0x000000958c500000,0x000000958c600000)]
  0x000001df19823000 JavaThread "Sweeper thread" daemon [_thread_blocked, id=17864, stack(0x000000958c600000,0x000000958c700000)]
  0x000001df1996b800 JavaThread "Common-Cleaner" daemon [_thread_blocked, id=9544, stack(0x000000958c700000,0x000000958c800000)]
  0x000001df1ac9f000 JavaThread "Daemon health stats" [_thread_blocked, id=5496, stack(0x000000958cc00000,0x000000958cd00000)]
  0x000001df1ad8c800 JavaThread "Incoming local TCP Connector on port 53977" [_thread_in_native, id=17528, stack(0x000000958c900000,0x000000958ca00000)]
  0x000001df1b1bb800 JavaThread "Daemon periodic checks" [_thread_blocked, id=15996, stack(0x000000958cd00000,0x000000958ce00000)]
  0x000001df1bbc6000 JavaThread "Daemon" [_thread_blocked, id=12592, stack(0x000000958ce00000,0x000000958cf00000)]
  0x000001df1b995800 JavaThread "Handler for socket connection from /127.0.0.1:53977 to /127.0.0.1:53983" [_thread_in_native, id=4704, stack(0x000000958cf00000,0x000000958d000000)]
  0x000001df1a9e6800 JavaThread "Cancel handler" [_thread_blocked, id=2160, stack(0x000000958d000000,0x000000958d100000)]
  0x000001df1aded000 JavaThread "Daemon worker" [_thread_blocked, id=17208, stack(0x000000958d100000,0x000000958d200000)]
  0x000001df1a714800 JavaThread "Asynchronous log dispatcher for DefaultDaemonConnection: socket connection from /127.0.0.1:53977 to /127.0.0.1:53983" [_thread_blocked, id=16712, stack(0x000000958d200000,0x000000958d300000)]
  0x000001df1b7a1800 JavaThread "Daemon client event forwarder" [_thread_blocked, id=13496, stack(0x000000958d400000,0x000000958d500000)]
  0x000001df1b7a0000 JavaThread "Cache worker for journal cache (C:\Users\rishi\.gradle\caches\journal-1)" [_thread_blocked, id=3424, stack(0x000000958da00000,0x000000958db00000)]
  0x000001df1b79e000 JavaThread "File lock request listener" [_thread_in_native, id=5888, stack(0x000000958db00000,0x000000958dc00000)]
  0x000001df1b7a0800 JavaThread "File lock release action executor" [_thread_blocked, id=836, stack(0x000000958dc00000,0x000000958dd00000)]
  0x000001df1b7a3000 JavaThread "Cache worker for file hash cache (C:\Users\rishi\.gradle\caches\7.5\fileHashes)" [_thread_blocked, id=13576, stack(0x000000958dd00000,0x000000958de00000)]
  0x000001df1b7a2000 JavaThread "File watcher server" daemon [_thread_in_native, id=15488, stack(0x000000958df00000,0x000000958e000000)]
  0x000001df1b7a4000 JavaThread "File watcher consumer" daemon [_thread_blocked, id=16528, stack(0x000000958e000000,0x000000958e100000)]
  0x000001df1b7a4800 JavaThread "Cache worker for checksums cache (E:\Projects\AusamProject\App\Automated-Gate-UI\Controler_app\controller\android\.gradle\7.5\checksums)" [_thread_blocked, id=6216, stack(0x000000958e100000,0x000000958e200000)]
  0x000001df1b79f000 JavaThread "Cache worker for cache directory md-rule (C:\Users\rishi\.gradle\caches\7.5\md-rule)" [_thread_blocked, id=16184, stack(0x000000958e200000,0x000000958e300000)]
  0x000001df1be67800 JavaThread "Cache worker for file content cache (C:\Users\rishi\.gradle\caches\7.5\fileContent)" [_thread_blocked, id=1920, stack(0x000000958e300000,0x000000958e400000)]
  0x000001df1be68800 JavaThread "Cache worker for file hash cache (E:\Projects\AusamProject\App\Automated-Gate-UI\Controler_app\controller\android\.gradle\7.5\fileHashes)" [_thread_blocked, id=8272, stack(0x000000958e500000,0x000000958e600000)]
  0x000001df1be63800 JavaThread "Cache worker for cache directory md-supplier (C:\Users\rishi\.gradle\caches\7.5\md-supplier)" [_thread_blocked, id=4780, stack(0x000000958e600000,0x000000958e700000)]
  0x000001df1be63000 JavaThread "Cache worker for execution history cache (C:\Users\rishi\.gradle\caches\7.5\executionHistory)" [_thread_blocked, id=8576, stack(0x000000958e700000,0x000000958e800000)]
  0x000001df1be6a000 JavaThread "jar transforms" [_thread_blocked, id=17040, stack(0x000000958e900000,0x000000958ea00000)]
  0x000001df1be64800 JavaThread "jar transforms Thread 2" [_thread_blocked, id=388, stack(0x000000958e400000,0x000000958e500000)]
  0x000001df1be65800 JavaThread "jar transforms Thread 3" [_thread_blocked, id=10968, stack(0x000000958ea00000,0x000000958eb00000)]
  0x000001df1be6c000 JavaThread "jar transforms Thread 4" [_thread_blocked, id=16632, stack(0x000000958e800000,0x000000958e900000)]
  0x000001df1be66000 JavaThread "Cache worker for dependencies-accessors (E:\Projects\AusamProject\App\Automated-Gate-UI\Controler_app\controller\android\.gradle\7.5\dependencies-accessors)" [_thread_blocked, id=15560, stack(0x000000958ec00000,0x000000958ed00000)]
  0x000001df1be6c800 JavaThread "jar transforms Thread 5" [_thread_blocked, id=15008, stack(0x000000958ee00000,0x000000958ef00000)]
  0x000001df1be67000 JavaThread "Cache worker for Build Output Cleanup Cache (E:\Projects\AusamProject\App\Automated-Gate-UI\Controler_app\controller\android\.gradle\buildOutputCleanup)" [_thread_blocked, id=3732, stack(0x000000958ef00000,0x000000958f000000)]
  0x000001df1be6f000 JavaThread "Unconstrained build operations" [_thread_blocked, id=10804, stack(0x000000958eb00000,0x000000958ec00000)]
  0x000001df1be6e800 JavaThread "Unconstrained build operations Thread 2" [_thread_blocked, id=12876, stack(0x000000958ed00000,0x000000958ee00000)]
  0x000001df1be6d800 JavaThread "Unconstrained build operations Thread 3" [_thread_blocked, id=11336, stack(0x000000958f000000,0x000000958f100000)]
  0x000001df1be70000 JavaThread "Unconstrained build operations Thread 4" [_thread_blocked, id=15012, stack(0x000000958f100000,0x000000958f200000)]
  0x000001df1be70800 JavaThread "Unconstrained build operations Thread 5" [_thread_blocked, id=11640, stack(0x000000958f200000,0x000000958f300000)]
  0x000001df1be71800 JavaThread "Unconstrained build operations Thread 6" [_thread_blocked, id=15632, stack(0x000000958f300000,0x000000958f400000)]
  0x000001df1aeb3800 JavaThread "Unconstrained build operations Thread 7" [_thread_blocked, id=3168, stack(0x000000958f400000,0x000000958f500000)]
  0x000001df1aeb5000 JavaThread "Unconstrained build operations Thread 8" [_thread_blocked, id=1224, stack(0x000000958f500000,0x000000958f600000)]
  0x000001df1aeb0000 JavaThread "Unconstrained build operations Thread 9" [_thread_blocked, id=17632, stack(0x000000958f600000,0x000000958f700000)]
  0x000001df1aeb4000 JavaThread "Unconstrained build operations Thread 10" [_thread_blocked, id=10708, stack(0x000000958f700000,0x000000958f800000)]
  0x000001df1aeaf000 JavaThread "Unconstrained build operations Thread 11" [_thread_blocked, id=4364, stack(0x000000958f800000,0x000000958f900000)]
  0x000001df1aeb2800 JavaThread "Unconstrained build operations Thread 12" [_thread_blocked, id=8840, stack(0x000000958f900000,0x000000958fa00000)]
  0x000001df1aeb1800 JavaThread "Unconstrained build operations Thread 13" [_thread_blocked, id=7440, stack(0x000000958fa00000,0x000000958fb00000)]
  0x000001df1aeb5800 JavaThread "Unconstrained build operations Thread 14" [_thread_blocked, id=17080, stack(0x000000958fb00000,0x000000958fc00000)]
  0x000001df1aeb6800 JavaThread "Unconstrained build operations Thread 15" [_thread_blocked, id=2768, stack(0x000000958fc00000,0x000000958fd00000)]
  0x000001df1aeb1000 JavaThread "Unconstrained build operations Thread 16" [_thread_blocked, id=15920, stack(0x000000958fd00000,0x000000958fe00000)]
  0x000001df1aeb8000 JavaThread "Unconstrained build operations Thread 17" [_thread_blocked, id=13488, stack(0x000000958fe00000,0x000000958ff00000)]
  0x000001df1aeba800 JavaThread "Unconstrained build operations Thread 18" [_thread_blocked, id=7536, stack(0x000000958ff00000,0x0000009590000000)]
  0x000001df1aeb9000 JavaThread "Unconstrained build operations Thread 19" [_thread_blocked, id=16588, stack(0x0000009590000000,0x0000009590100000)]
  0x000001df1aeba000 JavaThread "Unconstrained build operations Thread 20" [_thread_blocked, id=11464, stack(0x0000009590100000,0x0000009590200000)]
  0x000001df1aebb800 JavaThread "Unconstrained build operations Thread 21" [_thread_blocked, id=11824, stack(0x0000009590200000,0x0000009590300000)]
  0x000001df1aebc800 JavaThread "Unconstrained build operations Thread 22" [_thread_blocked, id=17316, stack(0x0000009590300000,0x0000009590400000)]
  0x000001df1aebd000 JavaThread "Unconstrained build operations Thread 23" [_thread_blocked, id=14232, stack(0x0000009590400000,0x0000009590500000)]
  0x000001df1aeb7800 JavaThread "Unconstrained build operations Thread 24" [_thread_blocked, id=4312, stack(0x0000009590500000,0x0000009590600000)]
  0x000001df1aebe000 JavaThread "Unconstrained build operations Thread 25" [_thread_blocked, id=11352, stack(0x0000009590800000,0x0000009590900000)]
  0x000001df1cb8f000 JavaThread "Unconstrained build operations Thread 26" [_thread_blocked, id=10288, stack(0x0000009590900000,0x0000009590a00000)]
  0x000001df1cb93000 JavaThread "Unconstrained build operations Thread 27" [_thread_blocked, id=2660, stack(0x0000009590a00000,0x0000009590b00000)]
  0x000001df1cb90000 JavaThread "Unconstrained build operations Thread 28" [_thread_blocked, id=9104, stack(0x0000009590b00000,0x0000009590c00000)]
  0x000001df1cb94000 JavaThread "Unconstrained build operations Thread 29" [_thread_blocked, id=1908, stack(0x0000009590c00000,0x0000009590d00000)]
  0x000001df1cb8e800 JavaThread "Unconstrained build operations Thread 30" [_thread_blocked, id=6584, stack(0x0000009590d00000,0x0000009590e00000)]
  0x000001df1cb95800 JavaThread "Unconstrained build operations Thread 31" [_thread_blocked, id=7680, stack(0x0000009590e00000,0x0000009590f00000)]
  0x000001df1cb92800 JavaThread "Unconstrained build operations Thread 32" [_thread_blocked, id=17596, stack(0x0000009590f00000,0x0000009591000000)]
  0x000001df1cb95000 JavaThread "Unconstrained build operations Thread 33" [_thread_blocked, id=1928, stack(0x0000009591000000,0x0000009591100000)]
  0x000001df1cb96800 JavaThread "Unconstrained build operations Thread 34" [_thread_blocked, id=9672, stack(0x0000009591100000,0x0000009591200000)]
  0x000001df1cb91800 JavaThread "Unconstrained build operations Thread 35" [_thread_blocked, id=6416, stack(0x0000009591200000,0x0000009591300000)]
  0x000001df1cb90800 JavaThread "Unconstrained build operations Thread 36" [_thread_blocked, id=10180, stack(0x0000009591300000,0x0000009591400000)]
  0x000001df1cb99000 JavaThread "Unconstrained build operations Thread 37" [_thread_blocked, id=7764, stack(0x0000009591400000,0x0000009591500000)]
  0x000001df1cb9b800 JavaThread "Unconstrained build operations Thread 38" [_thread_blocked, id=2956, stack(0x0000009591500000,0x0000009591600000)]
  0x000001df1cb98000 JavaThread "Unconstrained build operations Thread 39" [_thread_blocked, id=16368, stack(0x0000009591600000,0x0000009591700000)]
  0x000001df1cb9a800 JavaThread "Unconstrained build operations Thread 40" [_thread_blocked, id=17556, stack(0x0000009591700000,0x0000009591800000)]
  0x000001df1cb99800 JavaThread "Unconstrained build operations Thread 41" [_thread_blocked, id=9516, stack(0x0000009591800000,0x0000009591900000)]
  0x000001df1cb9c000 JavaThread "Unconstrained build operations Thread 42" [_thread_blocked, id=15368, stack(0x0000009591900000,0x0000009591a00000)]
  0x000001df1cb9d000 JavaThread "Unconstrained build operations Thread 43" [_thread_blocked, id=2984, stack(0x0000009591a00000,0x0000009591b00000)]
  0x000001df1cb97800 JavaThread "Unconstrained build operations Thread 44" [_thread_blocked, id=16616, stack(0x0000009591b00000,0x0000009591c00000)]
  0x000001df1cefe000 JavaThread "Unconstrained build operations Thread 45" [_thread_blocked, id=14012, stack(0x0000009591c00000,0x0000009591d00000)]
  0x000001df1cefc000 JavaThread "Unconstrained build operations Thread 46" [_thread_blocked, id=13624, stack(0x0000009591d00000,0x0000009591e00000)]
  0x000001df1cefc800 JavaThread "Unconstrained build operations Thread 47" [_thread_blocked, id=9528, stack(0x0000009591e00000,0x0000009591f00000)]
  0x000001df1cefa000 JavaThread "Unconstrained build operations Thread 48" [_thread_blocked, id=15820, stack(0x0000009591f00000,0x0000009592000000)]
  0x000001df1cefd800 JavaThread "Unconstrained build operations Thread 49" [_thread_blocked, id=17420, stack(0x0000009592000000,0x0000009592100000)]
  0x000001df1cef8800 JavaThread "Unconstrained build operations Thread 50" [_thread_blocked, id=7752, stack(0x0000009592100000,0x0000009592200000)]
  0x000001df1ceff000 JavaThread "Unconstrained build operations Thread 51" [_thread_blocked, id=17244, stack(0x0000009592200000,0x0000009592300000)]
  0x000001df1cef9800 JavaThread "Unconstrained build operations Thread 52" [_thread_blocked, id=15536, stack(0x0000009592300000,0x0000009592400000)]
  0x000001df1cf00000 JavaThread "Unconstrained build operations Thread 53" [_thread_blocked, id=6684, stack(0x0000009592400000,0x0000009592500000)]
  0x000001df1cf00800 JavaThread "Unconstrained build operations Thread 54" [_thread_blocked, id=12640, stack(0x0000009592500000,0x0000009592600000)]
  0x000001df1cefb000 JavaThread "Unconstrained build operations Thread 55" [_thread_blocked, id=14916, stack(0x0000009592600000,0x0000009592700000)]
  0x000001df1cf06800 JavaThread "Unconstrained build operations Thread 56" [_thread_blocked, id=15036, stack(0x0000009592700000,0x0000009592800000)]
  0x000001df1cf01800 JavaThread "Unconstrained build operations Thread 57" [_thread_blocked, id=8124, stack(0x0000009592800000,0x0000009592900000)]
  0x000001df1cf04800 JavaThread "Unconstrained build operations Thread 58" [_thread_blocked, id=436, stack(0x0000009592900000,0x0000009592a00000)]
  0x000001df1cf05800 JavaThread "Unconstrained build operations Thread 59" [_thread_blocked, id=5428, stack(0x0000009592a00000,0x0000009592b00000)]
  0x000001df1cf02800 JavaThread "Unconstrained build operations Thread 60" [_thread_blocked, id=18204, stack(0x0000009592b00000,0x0000009592c00000)]
  0x000001df1cf03000 JavaThread "Unconstrained build operations Thread 61" [_thread_blocked, id=12948, stack(0x0000009592c00000,0x0000009592d00000)]
  0x000001df1cf07000 JavaThread "Unconstrained build operations Thread 62" [_thread_blocked, id=15436, stack(0x0000009592d00000,0x0000009592e00000)]
  0x000001df1cf04000 JavaThread "Unconstrained build operations Thread 63" [_thread_blocked, id=9060, stack(0x0000009592e00000,0x0000009592f00000)]
  0x000001df1aa1b000 JavaThread "Unconstrained build operations Thread 64" [_thread_blocked, id=11648, stack(0x0000009592f00000,0x0000009593000000)]
  0x000001df1aa1e800 JavaThread "Unconstrained build operations Thread 65" [_thread_blocked, id=9072, stack(0x0000009593000000,0x0000009593100000)]
  0x000001df1aa20000 JavaThread "Unconstrained build operations Thread 66" [_thread_blocked, id=15468, stack(0x0000009593100000,0x0000009593200000)]
  0x000001df1aa1c000 JavaThread "Unconstrained build operations Thread 67" [_thread_blocked, id=18284, stack(0x0000009593200000,0x0000009593300000)]
  0x000001df1aa1a000 JavaThread "Unconstrained build operations Thread 68" [_thread_blocked, id=2452, stack(0x0000009593300000,0x0000009593400000)]
  0x000001df1aa1f000 JavaThread "Unconstrained build operations Thread 69" [_thread_blocked, id=8836, stack(0x0000009593400000,0x0000009593500000)]
  0x000001df1aa21800 JavaThread "Unconstrained build operations Thread 70" [_thread_blocked, id=9388, stack(0x0000009593500000,0x0000009593600000)]
  0x000001df1aa21000 JavaThread "Unconstrained build operations Thread 71" [_thread_blocked, id=1140, stack(0x0000009593600000,0x0000009593700000)]
  0x000001df1aa22800 JavaThread "Unconstrained build operations Thread 72" [_thread_blocked, id=16648, stack(0x0000009593700000,0x0000009593800000)]
  0x000001df1aa1c800 JavaThread "Unconstrained build operations Thread 73" [_thread_blocked, id=16880, stack(0x0000009593800000,0x0000009593900000)]
  0x000001df1aa23000 JavaThread "Unconstrained build operations Thread 74" [_thread_blocked, id=10344, stack(0x0000009593900000,0x0000009593a00000)]
  0x000001df1aa1d800 JavaThread "Unconstrained build operations Thread 75" [_thread_blocked, id=8512, stack(0x0000009593a00000,0x0000009593b00000)]
  0x000001df1aa24000 JavaThread "Unconstrained build operations Thread 76" [_thread_blocked, id=13948, stack(0x0000009593b00000,0x0000009593c00000)]
  0x000001df1aa29000 JavaThread "Unconstrained build operations Thread 77" [_thread_blocked, id=17336, stack(0x0000009593c00000,0x0000009593d00000)]
  0x000001df1aa26800 JavaThread "Unconstrained build operations Thread 78" [_thread_blocked, id=14204, stack(0x0000009593d00000,0x0000009593e00000)]
  0x000001df1aa27800 JavaThread "Unconstrained build operations Thread 79" [_thread_blocked, id=9844, stack(0x0000009593e00000,0x0000009593f00000)]
  0x000001df1aa25000 JavaThread "Unconstrained build operations Thread 80" [_thread_blocked, id=9680, stack(0x0000009593f00000,0x0000009594000000)]
  0x000001df1aa25800 JavaThread "jar transforms Thread 6" [_thread_blocked, id=16560, stack(0x000000958b700000,0x000000958b800000)]
  0x000001df1aa28000 JavaThread "jar transforms Thread 7" [_thread_blocked, id=15788, stack(0x000000958d300000,0x000000958d400000)]
  0x000001df1cc82000 JavaThread "jar transforms Thread 8" [_thread_blocked, id=14660, stack(0x0000009594000000,0x0000009594100000)]
  0x000001df1cc86800 JavaThread "Memory manager" [_thread_blocked, id=1440, stack(0x0000009594100000,0x0000009594200000)]
  0x000001df1cc81800 JavaThread "Cache worker for kotlin-dsl (C:\Users\rishi\.gradle\caches\7.5\kotlin-dsl)" [_thread_blocked, id=13728, stack(0x0000009590600000,0x0000009590700000)]
  0x000001df1cc90000 JavaThread "included builds" [_thread_blocked, id=14864, stack(0x0000009594500000,0x0000009594600000)]
  0x000001df1cc8d000 JavaThread "Execution worker" [_thread_blocked, id=1492, stack(0x0000009594600000,0x0000009594700000)]
  0x000001df24717800 JavaThread "Execution worker Thread 2" [_thread_blocked, id=15688, stack(0x0000009594700000,0x0000009594800000)]
  0x000001df24719800 JavaThread "Execution worker Thread 3" [_thread_blocked, id=11348, stack(0x0000009594800000,0x0000009594900000)]
  0x000001df2471c800 JavaThread "Execution worker Thread 4" [_thread_blocked, id=16624, stack(0x0000009594900000,0x0000009594a00000)]
  0x000001df24718800 JavaThread "Execution worker Thread 5" [_thread_blocked, id=7664, stack(0x0000009594a00000,0x0000009594b00000)]
  0x000001df2471a000 JavaThread "Execution worker Thread 6" [_thread_blocked, id=11844, stack(0x0000009594b00000,0x0000009594c00000)]
  0x000001df2471f000 JavaThread "Execution worker Thread 7" [_thread_blocked, id=13896, stack(0x0000009594c00000,0x0000009594d00000)]
  0x000001df24720800 JavaThread "Cache worker for execution history cache (E:\Projects\AusamProject\App\Automated-Gate-UI\Controler_app\controller\android\.gradle\7.5\executionHistory)" [_thread_blocked, id=5580, stack(0x0000009594d00000,0x0000009594e00000)]
  0x000001df2471b000 JavaThread "Exec process" [_thread_in_native, id=18032, stack(0x0000009594e00000,0x0000009594f00000)]
=>0x000001df24721800 JavaThread "Exec process Thread 2" [_thread_in_vm, id=3496, stack(0x0000009594f00000,0x0000009595000000)]
  0x000001df2471c000 JavaThread "Exec process Thread 3" [_thread_in_native, id=11216, stack(0x0000009595000000,0x0000009595100000)]

Other Threads:
  0x000001df18e6c800 VMThread "VM Thread" [stack: 0x000000958be00000,0x000000958bf00000] [id=11080]
  0x000001df19985800 WatcherThread [stack: 0x000000958c800000,0x000000958c900000] [id=8652]
  0x000001df7dd0b000 GCTaskThread "GC Thread#0" [stack: 0x000000958b900000,0x000000958ba00000] [id=7508]
  0x000001df1a698000 GCTaskThread "GC Thread#1" [stack: 0x000000958ca00000,0x000000958cb00000] [id=7820]
  0x000001df1a3ce000 GCTaskThread "GC Thread#2" [stack: 0x000000958cb00000,0x000000958cc00000] [id=5892]
  0x000001df1b5f2800 GCTaskThread "GC Thread#3" [stack: 0x000000958d500000,0x000000958d600000] [id=1144]
  0x000001df1a497800 GCTaskThread "GC Thread#4" [stack: 0x000000958d600000,0x000000958d700000] [id=4436]
  0x000001df1cb34800 GCTaskThread "GC Thread#5" [stack: 0x000000958d700000,0x000000958d800000] [id=17536]
  0x000001df1c0f7800 GCTaskThread "GC Thread#6" [stack: 0x000000958d800000,0x000000958d900000] [id=16416]
  0x000001df1b8f7800 GCTaskThread "GC Thread#7" [stack: 0x000000958d900000,0x000000958da00000] [id=14328]
  0x000001df7dd33000 ConcurrentGCThread "G1 Main Marker" [stack: 0x000000958ba00000,0x000000958bb00000] [id=14584]
  0x000001df7dd34000 ConcurrentGCThread "G1 Conc#0" [stack: 0x000000958bb00000,0x000000958bc00000] [id=7840]
  0x000001df1bdc5800 ConcurrentGCThread "G1 Conc#1" [stack: 0x000000958de00000,0x000000958df00000] [id=14172]
  0x000001df18ce0800 ConcurrentGCThread "G1 Refine#0" [stack: 0x000000958bc00000,0x000000958bd00000] [id=7496]
  0x000001df1ac6a800 ConcurrentGCThread "G1 Refine#1" [stack: 0x0000009594200000,0x0000009594300000] [id=6388]
  0x000001df1ac68800 ConcurrentGCThread "G1 Refine#2" [stack: 0x0000009594300000,0x0000009594400000] [id=9068]
  0x000001df1ac6c000 ConcurrentGCThread "G1 Refine#3" [stack: 0x0000009594400000,0x0000009594500000] [id=16072]
  0x000001df18ce1000 ConcurrentGCThread "G1 Young RemSet Sampling" [stack: 0x000000958bd00000,0x000000958be00000] [id=4712]

Threads with active compile tasks:
C2 CompilerThread0 204544 24361       4       org.gradle.internal.logging.text.AbstractLineChoppingStyledTextOutput$1::execute (9 bytes)

VM state:not at safepoint (normal execution)

VM Mutex/Monitor currently owned by a thread: None

OutOfMemory and StackOverflow Exception counts:
StackOverflowErrors=1
LinkageErrors=118

Heap address: 0x00000000a0000000, size: 1536 MB, Compressed Oops mode: 32-bit
Narrow klass base: 0x0000000000000000, Narrow klass shift: 3
Compressed class space size: 1073741824 Address: 0x0000000100000000

Heap:
 garbage-first heap   total 258048K, used 212985K [0x00000000a0000000, 0x0000000100000000)
  region size 1024K, 46 young (47104K), 4 survivors (4096K)
 Metaspace       used 159578K, capacity 162884K, committed 163072K, reserved 1191936K
  class space    used 19548K, capacity 20797K, committed 20864K, reserved 1048576K
Heap Regions: E=young(eden), S=young(survivor), O=old, HS=humongous(starts), HC=humongous(continues), CS=collection set, F=free, A=archive, TAMS=top-at-mark-start (previous, next)
|   0|0x00000000a0000000, 0x00000000a0100000, 0x00000000a0100000|100%| O|  |TAMS 0x00000000a0100000, 0x00000000a0000000| Untracked 
|   1|0x00000000a0100000, 0x00000000a0200000, 0x00000000a0200000|100%| O|  |TAMS 0x00000000a0200000, 0x00000000a0100000| Untracked 
|   2|0x00000000a0200000, 0x00000000a0300000, 0x00000000a0300000|100%| O|  |TAMS 0x00000000a0300000, 0x00000000a0200000| Untracked 
|   3|0x00000000a0300000, 0x00000000a0400000, 0x00000000a0400000|100%|HS|  |TAMS 0x00000000a0400000, 0x00000000a0300000| Complete 
|   4|0x00000000a0400000, 0x00000000a0500000, 0x00000000a0500000|100%|HC|  |TAMS 0x00000000a0500000, 0x00000000a0400000| Complete 
|   5|0x00000000a0500000, 0x00000000a0600000, 0x00000000a0600000|100%|HC|  |TAMS 0x00000000a0600000, 0x00000000a0500000| Complete 
|   6|0x00000000a0600000, 0x00000000a0700000, 0x00000000a0700000|100%| O|  |TAMS 0x00000000a0700000, 0x00000000a0600000| Untracked 
|   7|0x00000000a0700000, 0x00000000a0800000, 0x00000000a0800000|100%| O|  |TAMS 0x00000000a0800000, 0x00000000a0700000| Untracked 
|   8|0x00000000a0800000, 0x00000000a0900000, 0x00000000a0900000|100%| O|  |TAMS 0x00000000a0900000, 0x00000000a0800000| Untracked 
|   9|0x00000000a0900000, 0x00000000a0a00000, 0x00000000a0a00000|100%| O|  |TAMS 0x00000000a0a00000, 0x00000000a0900000| Untracked 
|  10|0x00000000a0a00000, 0x00000000a0b00000, 0x00000000a0b00000|100%| O|  |TAMS 0x00000000a0b00000, 0x00000000a0a00000| Untracked 
|  11|0x00000000a0b00000, 0x00000000a0c00000, 0x00000000a0c00000|100%| O|  |TAMS 0x00000000a0c00000, 0x00000000a0b00000| Untracked 
|  12|0x00000000a0c00000, 0x00000000a0d00000, 0x00000000a0d00000|100%| O|  |TAMS 0x00000000a0d00000, 0x00000000a0c00000| Untracked 
|  13|0x00000000a0d00000, 0x00000000a0e00000, 0x00000000a0e00000|100%| O|  |TAMS 0x00000000a0e00000, 0x00000000a0d00000| Untracked 
|  14|0x00000000a0e00000, 0x00000000a0f00000, 0x00000000a0f00000|100%| O|  |TAMS 0x00000000a0f00000, 0x00000000a0e00000| Untracked 
|  15|0x00000000a0f00000, 0x00000000a1000000, 0x00000000a1000000|100%| O|  |TAMS 0x00000000a1000000, 0x00000000a0f00000| Untracked 
|  16|0x00000000a1000000, 0x00000000a1100000, 0x00000000a1100000|100%| O|  |TAMS 0x00000000a1100000, 0x00000000a1000000| Untracked 
|  17|0x00000000a1100000, 0x00000000a1200000, 0x00000000a1200000|100%| O|  |TAMS 0x00000000a1200000, 0x00000000a1100000| Untracked 
|  18|0x00000000a1200000, 0x00000000a1300000, 0x00000000a1300000|100%| O|  |TAMS 0x00000000a1300000, 0x00000000a1200000| Untracked 
|  19|0x00000000a1300000, 0x00000000a1400000, 0x00000000a1400000|100%| O|  |TAMS 0x00000000a1400000, 0x00000000a1300000| Untracked 
|  20|0x00000000a1400000, 0x00000000a1500000, 0x00000000a1500000|100%| O|  |TAMS 0x00000000a1500000, 0x00000000a1400000| Untracked 
|  21|0x00000000a1500000, 0x00000000a1600000, 0x00000000a1600000|100%| O|  |TAMS 0x00000000a1600000, 0x00000000a1500000| Untracked 
|  22|0x00000000a1600000, 0x00000000a1700000, 0x00000000a1700000|100%| O|  |TAMS 0x00000000a1700000, 0x00000000a1600000| Untracked 
|  23|0x00000000a1700000, 0x00000000a1800000, 0x00000000a1800000|100%| O|  |TAMS 0x00000000a1800000, 0x00000000a1700000| Untracked 
|  24|0x00000000a1800000, 0x00000000a1900000, 0x00000000a1900000|100%| O|  |TAMS 0x00000000a1900000, 0x00000000a1800000| Untracked 
|  25|0x00000000a1900000, 0x00000000a1a00000, 0x00000000a1a00000|100%| O|  |TAMS 0x00000000a1a00000, 0x00000000a1900000| Untracked 
|  26|0x00000000a1a00000, 0x00000000a1b00000, 0x00000000a1b00000|100%| O|  |TAMS 0x00000000a1b00000, 0x00000000a1a00000| Untracked 
|  27|0x00000000a1b00000, 0x00000000a1c00000, 0x00000000a1c00000|100%| O|  |TAMS 0x00000000a1c00000, 0x00000000a1b00000| Untracked 
|  28|0x00000000a1c00000, 0x00000000a1d00000, 0x00000000a1d00000|100%| O|  |TAMS 0x00000000a1d00000, 0x00000000a1c00000| Untracked 
|  29|0x00000000a1d00000, 0x00000000a1e00000, 0x00000000a1e00000|100%| O|  |TAMS 0x00000000a1e00000, 0x00000000a1d00000| Untracked 
|  30|0x00000000a1e00000, 0x00000000a1f00000, 0x00000000a1f00000|100%| O|  |TAMS 0x00000000a1f00000, 0x00000000a1e00000| Untracked 
|  31|0x00000000a1f00000, 0x00000000a2000000, 0x00000000a2000000|100%| O|  |TAMS 0x00000000a2000000, 0x00000000a1f00000| Untracked 
|  32|0x00000000a2000000, 0x00000000a2100000, 0x00000000a2100000|100%| O|  |TAMS 0x00000000a2100000, 0x00000000a2000000| Untracked 
|  33|0x00000000a2100000, 0x00000000a2200000, 0x00000000a2200000|100%| O|  |TAMS 0x00000000a2200000, 0x00000000a2100000| Untracked 
|  34|0x00000000a2200000, 0x00000000a2300000, 0x00000000a2300000|100%| O|  |TAMS 0x00000000a2300000, 0x00000000a2200000| Untracked 
|  35|0x00000000a2300000, 0x00000000a2400000, 0x00000000a2400000|100%| O|  |TAMS 0x00000000a2400000, 0x00000000a2300000| Untracked 
|  36|0x00000000a2400000, 0x00000000a2500000, 0x00000000a2500000|100%| O|  |TAMS 0x00000000a2500000, 0x00000000a2400000| Untracked 
|  37|0x00000000a2500000, 0x00000000a2600000, 0x00000000a2600000|100%| O|  |TAMS 0x00000000a2600000, 0x00000000a2500000| Untracked 
|  38|0x00000000a2600000, 0x00000000a2700000, 0x00000000a2700000|100%|HS|  |TAMS 0x00000000a2700000, 0x00000000a2600000| Complete 
|  39|0x00000000a2700000, 0x00000000a2800000, 0x00000000a2800000|100%|HS|  |TAMS 0x00000000a2800000, 0x00000000a2700000| Complete 
|  40|0x00000000a2800000, 0x00000000a2900000, 0x00000000a2900000|100%|HS|  |TAMS 0x00000000a2900000, 0x00000000a2800000| Complete 
|  41|0x00000000a2900000, 0x00000000a2a00000, 0x00000000a2a00000|100%| O|  |TAMS 0x00000000a2a00000, 0x00000000a2900000| Untracked 
|  42|0x00000000a2a00000, 0x00000000a2b00000, 0x00000000a2b00000|100%| O|  |TAMS 0x00000000a2b00000, 0x00000000a2a00000| Untracked 
|  43|0x00000000a2b00000, 0x00000000a2c00000, 0x00000000a2c00000|100%| O|  |TAMS 0x00000000a2c00000, 0x00000000a2b00000| Untracked 
|  44|0x00000000a2c00000, 0x00000000a2d00000, 0x00000000a2d00000|100%|HS|  |TAMS 0x00000000a2d00000, 0x00000000a2c00000| Complete 
|  45|0x00000000a2d00000, 0x00000000a2e00000, 0x00000000a2e00000|100%|HC|  |TAMS 0x00000000a2e00000, 0x00000000a2d00000| Complete 
|  46|0x00000000a2e00000, 0x00000000a2f00000, 0x00000000a2f00000|100%|HC|  |TAMS 0x00000000a2f00000, 0x00000000a2e00000| Complete 
|  47|0x00000000a2f00000, 0x00000000a3000000, 0x00000000a3000000|100%|HS|  |TAMS 0x00000000a3000000, 0x00000000a2f00000| Complete 
|  48|0x00000000a3000000, 0x00000000a3100000, 0x00000000a3100000|100%|HC|  |TAMS 0x00000000a3100000, 0x00000000a3000000| Complete 
|  49|0x00000000a3100000, 0x00000000a3200000, 0x00000000a3200000|100%| O|  |TAMS 0x00000000a3200000, 0x00000000a3100000| Untracked 
|  50|0x00000000a3200000, 0x00000000a3300000, 0x00000000a3300000|100%| O|  |TAMS 0x00000000a3300000, 0x00000000a3200000| Untracked 
|  51|0x00000000a3300000, 0x00000000a3400000, 0x00000000a3400000|100%| O|  |TAMS 0x00000000a3400000, 0x00000000a3300000| Untracked 
|  52|0x00000000a3400000, 0x00000000a3500000, 0x00000000a3500000|100%| O|  |TAMS 0x00000000a3500000, 0x00000000a3400000| Untracked 
|  53|0x00000000a3500000, 0x00000000a3600000, 0x00000000a3600000|100%| O|  |TAMS 0x00000000a3600000, 0x00000000a3500000| Untracked 
|  54|0x00000000a3600000, 0x00000000a3700000, 0x00000000a3700000|100%| O|  |TAMS 0x00000000a3700000, 0x00000000a3600000| Untracked 
|  55|0x00000000a3700000, 0x00000000a3800000, 0x00000000a3800000|100%| O|  |TAMS 0x00000000a3800000, 0x00000000a3700000| Untracked 
|  56|0x00000000a3800000, 0x00000000a3900000, 0x00000000a3900000|100%| O|  |TAMS 0x00000000a3900000, 0x00000000a3800000| Untracked 
|  57|0x00000000a3900000, 0x00000000a3a00000, 0x00000000a3a00000|100%| O|  |TAMS 0x00000000a3a00000, 0x00000000a3900000| Untracked 
|  58|0x00000000a3a00000, 0x00000000a3b00000, 0x00000000a3b00000|100%| O|  |TAMS 0x00000000a3b00000, 0x00000000a3a00000| Untracked 
|  59|0x00000000a3b00000, 0x00000000a3c00000, 0x00000000a3c00000|100%| O|  |TAMS 0x00000000a3c00000, 0x00000000a3b00000| Untracked 
|  60|0x00000000a3c00000, 0x00000000a3d00000, 0x00000000a3d00000|100%| O|  |TAMS 0x00000000a3d00000, 0x00000000a3c00000| Untracked 
|  61|0x00000000a3d00000, 0x00000000a3e00000, 0x00000000a3e00000|100%| O|  |TAMS 0x00000000a3e00000, 0x00000000a3d00000| Untracked 
|  62|0x00000000a3e00000, 0x00000000a3f00000, 0x00000000a3f00000|100%| O|  |TAMS 0x00000000a3f00000, 0x00000000a3e00000| Untracked 
|  63|0x00000000a3f00000, 0x00000000a4000000, 0x00000000a4000000|100%| O|  |TAMS 0x00000000a4000000, 0x00000000a3f00000| Untracked 
|  64|0x00000000a4000000, 0x00000000a4100000, 0x00000000a4100000|100%| O|  |TAMS 0x00000000a4100000, 0x00000000a4000000| Untracked 
|  65|0x00000000a4100000, 0x00000000a4200000, 0x00000000a4200000|100%| O|  |TAMS 0x00000000a4200000, 0x00000000a4100000| Untracked 
|  66|0x00000000a4200000, 0x00000000a4300000, 0x00000000a4300000|100%|HS|  |TAMS 0x00000000a4300000, 0x00000000a4200000| Complete 
|  67|0x00000000a4300000, 0x00000000a4400000, 0x00000000a4400000|100%|HS|  |TAMS 0x00000000a4400000, 0x00000000a4300000| Complete 
|  68|0x00000000a4400000, 0x00000000a4500000, 0x00000000a4500000|100%| O|  |TAMS 0x00000000a4500000, 0x00000000a4400000| Untracked 
|  69|0x00000000a4500000, 0x00000000a4600000, 0x00000000a4600000|100%| O|  |TAMS 0x00000000a4600000, 0x00000000a4500000| Untracked 
|  70|0x00000000a4600000, 0x00000000a4700000, 0x00000000a4700000|100%| O|  |TAMS 0x00000000a4700000, 0x00000000a4600000| Untracked 
|  71|0x00000000a4700000, 0x00000000a4800000, 0x00000000a4800000|100%| O|  |TAMS 0x00000000a4800000, 0x00000000a4700000| Untracked 
|  72|0x00000000a4800000, 0x00000000a4900000, 0x00000000a4900000|100%| O|  |TAMS 0x00000000a4900000, 0x00000000a4800000| Untracked 
|  73|0x00000000a4900000, 0x00000000a4a00000, 0x00000000a4a00000|100%| O|  |TAMS 0x00000000a4a00000, 0x00000000a4900000| Untracked 
|  74|0x00000000a4a00000, 0x00000000a4b00000, 0x00000000a4b00000|100%| O|  |TAMS 0x00000000a4b00000, 0x00000000a4a00000| Untracked 
|  75|0x00000000a4b00000, 0x00000000a4c00000, 0x00000000a4c00000|100%| O|  |TAMS 0x00000000a4c00000, 0x00000000a4b00000| Untracked 
|  76|0x00000000a4c00000, 0x00000000a4d00000, 0x00000000a4d00000|100%| O|  |TAMS 0x00000000a4d00000, 0x00000000a4c00000| Untracked 
|  77|0x00000000a4d00000, 0x00000000a4e00000, 0x00000000a4e00000|100%| O|  |TAMS 0x00000000a4d00000, 0x00000000a4d00000| Untracked 
|  78|0x00000000a4e00000, 0x00000000a4f00000, 0x00000000a4f00000|100%| O|  |TAMS 0x00000000a4f00000, 0x00000000a4e00000| Untracked 
|  79|0x00000000a4f00000, 0x00000000a5000000, 0x00000000a5000000|100%| O|  |TAMS 0x00000000a5000000, 0x00000000a4f00000| Untracked 
|  80|0x00000000a5000000, 0x00000000a5100000, 0x00000000a5100000|100%| O|  |TAMS 0x00000000a5100000, 0x00000000a5000000| Untracked 
|  81|0x00000000a5100000, 0x00000000a5200000, 0x00000000a5200000|100%| O|  |TAMS 0x00000000a5200000, 0x00000000a5100000| Untracked 
|  82|0x00000000a5200000, 0x00000000a5300000, 0x00000000a5300000|100%| O|  |TAMS 0x00000000a5300000, 0x00000000a5200000| Untracked 
|  83|0x00000000a5300000, 0x00000000a5400000, 0x00000000a5400000|100%|HS|  |TAMS 0x00000000a5400000, 0x00000000a5300000| Complete 
|  84|0x00000000a5400000, 0x00000000a5500000, 0x00000000a5500000|100%|HC|  |TAMS 0x00000000a5500000, 0x00000000a5400000| Complete 
|  85|0x00000000a5500000, 0x00000000a5600000, 0x00000000a5600000|100%|HC|  |TAMS 0x00000000a5600000, 0x00000000a5500000| Complete 
|  86|0x00000000a5600000, 0x00000000a5700000, 0x00000000a5700000|100%| O|  |TAMS 0x00000000a5700000, 0x00000000a5600000| Untracked 
|  87|0x00000000a5700000, 0x00000000a5800000, 0x00000000a5800000|100%| O|  |TAMS 0x00000000a5800000, 0x00000000a5700000| Untracked 
|  88|0x00000000a5800000, 0x00000000a5900000, 0x00000000a5900000|100%| O|  |TAMS 0x00000000a5900000, 0x00000000a5800000| Untracked 
|  89|0x00000000a5900000, 0x00000000a5a00000, 0x00000000a5a00000|100%| O|  |TAMS 0x00000000a5a00000, 0x00000000a5900000| Untracked 
|  90|0x00000000a5a00000, 0x00000000a5b00000, 0x00000000a5b00000|100%| O|  |TAMS 0x00000000a5b00000, 0x00000000a5a00000| Untracked 
|  91|0x00000000a5b00000, 0x00000000a5c00000, 0x00000000a5c00000|100%| O|  |TAMS 0x00000000a5c00000, 0x00000000a5b00000| Untracked 
|  92|0x00000000a5c00000, 0x00000000a5d00000, 0x00000000a5d00000|100%| O|  |TAMS 0x00000000a5d00000, 0x00000000a5c00000| Untracked 
|  93|0x00000000a5d00000, 0x00000000a5e00000, 0x00000000a5e00000|100%| O|  |TAMS 0x00000000a5e00000, 0x00000000a5d00000| Untracked 
|  94|0x00000000a5e00000, 0x00000000a5f00000, 0x00000000a5f00000|100%| O|  |TAMS 0x00000000a5f00000, 0x00000000a5e00000| Untracked 
|  95|0x00000000a5f00000, 0x00000000a6000000, 0x00000000a6000000|100%| O|  |TAMS 0x00000000a6000000, 0x00000000a5f00000| Untracked 
|  96|0x00000000a6000000, 0x00000000a6100000, 0x00000000a6100000|100%| O|  |TAMS 0x00000000a6100000, 0x00000000a6000000| Untracked 
|  97|0x00000000a6100000, 0x00000000a6200000, 0x00000000a6200000|100%| O|  |TAMS 0x00000000a6200000, 0x00000000a6100000| Untracked 
|  98|0x00000000a6200000, 0x00000000a6300000, 0x00000000a6300000|100%| O|  |TAMS 0x00000000a6300000, 0x00000000a6200000| Untracked 
|  99|0x00000000a6300000, 0x00000000a6400000, 0x00000000a6400000|100%| O|  |TAMS 0x00000000a6400000, 0x00000000a6300000| Untracked 
| 100|0x00000000a6400000, 0x00000000a6500000, 0x00000000a6500000|100%| O|  |TAMS 0x00000000a6500000, 0x00000000a6400000| Untracked 
| 101|0x00000000a6500000, 0x00000000a6600000, 0x00000000a6600000|100%| O|  |TAMS 0x00000000a6600000, 0x00000000a6500000| Untracked 
| 102|0x00000000a6600000, 0x00000000a6700000, 0x00000000a6700000|100%| O|  |TAMS 0x00000000a6700000, 0x00000000a6600000| Untracked 
| 103|0x00000000a6700000, 0x00000000a6800000, 0x00000000a6800000|100%| O|  |TAMS 0x00000000a6800000, 0x00000000a6700000| Untracked 
| 104|0x00000000a6800000, 0x00000000a6900000, 0x00000000a6900000|100%| O|  |TAMS 0x00000000a6900000, 0x00000000a6800000| Untracked 
| 105|0x00000000a6900000, 0x00000000a6a00000, 0x00000000a6a00000|100%| O|  |TAMS 0x00000000a6a00000, 0x00000000a6900000| Untracked 
| 106|0x00000000a6a00000, 0x00000000a6b00000, 0x00000000a6b00000|100%| O|  |TAMS 0x00000000a6b00000, 0x00000000a6a00000| Untracked 
| 107|0x00000000a6b00000, 0x00000000a6c00000, 0x00000000a6c00000|100%| O|  |TAMS 0x00000000a6c00000, 0x00000000a6b00000| Untracked 
| 108|0x00000000a6c00000, 0x00000000a6d00000, 0x00000000a6d00000|100%| O|  |TAMS 0x00000000a6d00000, 0x00000000a6c00000| Untracked 
| 109|0x00000000a6d00000, 0x00000000a6e00000, 0x00000000a6e00000|100%| O|  |TAMS 0x00000000a6e00000, 0x00000000a6d00000| Untracked 
| 110|0x00000000a6e00000, 0x00000000a6f00000, 0x00000000a6f00000|100%| O|  |TAMS 0x00000000a6f00000, 0x00000000a6e00000| Untracked 
| 111|0x00000000a6f00000, 0x00000000a7000000, 0x00000000a7000000|100%| O|  |TAMS 0x00000000a7000000, 0x00000000a6f00000| Untracked 
| 112|0x00000000a7000000, 0x00000000a7100000, 0x00000000a7100000|100%| O|  |TAMS 0x00000000a7100000, 0x00000000a7000000| Untracked 
| 113|0x00000000a7100000, 0x00000000a7200000, 0x00000000a7200000|100%| O|  |TAMS 0x00000000a7200000, 0x00000000a7100000| Untracked 
| 114|0x00000000a7200000, 0x00000000a7300000, 0x00000000a7300000|100%| O|  |TAMS 0x00000000a7300000, 0x00000000a7200000| Untracked 
| 115|0x00000000a7300000, 0x00000000a7400000, 0x00000000a7400000|100%| O|  |TAMS 0x00000000a7400000, 0x00000000a7300000| Untracked 
| 116|0x00000000a7400000, 0x00000000a7500000, 0x00000000a7500000|100%| O|  |TAMS 0x00000000a7500000, 0x00000000a7400000| Untracked 
| 117|0x00000000a7500000, 0x00000000a7600000, 0x00000000a7600000|100%| O|  |TAMS 0x00000000a7600000, 0x00000000a7500000| Untracked 
| 118|0x00000000a7600000, 0x00000000a7700000, 0x00000000a7700000|100%| O|  |TAMS 0x00000000a7700000, 0x00000000a7600000| Untracked 
| 119|0x00000000a7700000, 0x00000000a7800000, 0x00000000a7800000|100%| O|  |TAMS 0x00000000a7800000, 0x00000000a7700000| Untracked 
| 120|0x00000000a7800000, 0x00000000a7900000, 0x00000000a7900000|100%| O|  |TAMS 0x00000000a7900000, 0x00000000a7800000| Untracked 
| 121|0x00000000a7900000, 0x00000000a7a00000, 0x00000000a7a00000|100%| O|  |TAMS 0x00000000a7a00000, 0x00000000a7900000| Untracked 
| 122|0x00000000a7a00000, 0x00000000a7b00000, 0x00000000a7b00000|100%| O|  |TAMS 0x00000000a7b00000, 0x00000000a7a00000| Untracked 
| 123|0x00000000a7b00000, 0x00000000a7c00000, 0x00000000a7c00000|100%| O|  |TAMS 0x00000000a7c00000, 0x00000000a7b00000| Untracked 
| 124|0x00000000a7c00000, 0x00000000a7d00000, 0x00000000a7d00000|100%| O|  |TAMS 0x00000000a7d00000, 0x00000000a7c00000| Untracked 
| 125|0x00000000a7d00000, 0x00000000a7e00000, 0x00000000a7e00000|100%|HS|  |TAMS 0x00000000a7e00000, 0x00000000a7d00000| Complete 
| 126|0x00000000a7e00000, 0x00000000a7f00000, 0x00000000a7f00000|100%|HC|  |TAMS 0x00000000a7f00000, 0x00000000a7e00000| Complete 
| 127|0x00000000a7f00000, 0x00000000a8000000, 0x00000000a8000000|100%| O|  |TAMS 0x00000000a8000000, 0x00000000a7f00000| Untracked 
| 128|0x00000000a8000000, 0x00000000a8100000, 0x00000000a8100000|100%| O|  |TAMS 0x00000000a8100000, 0x00000000a8000000| Untracked 
| 129|0x00000000a8100000, 0x00000000a8200000, 0x00000000a8200000|100%| O|  |TAMS 0x00000000a8200000, 0x00000000a8100000| Untracked 
| 130|0x00000000a8200000, 0x00000000a8300000, 0x00000000a8300000|100%| O|  |TAMS 0x00000000a8300000, 0x00000000a8200000| Untracked 
| 131|0x00000000a8300000, 0x00000000a8400000, 0x00000000a8400000|100%| O|  |TAMS 0x00000000a8400000, 0x00000000a8300000| Untracked 
| 132|0x00000000a8400000, 0x00000000a8500000, 0x00000000a8500000|100%| O|  |TAMS 0x00000000a844ba00, 0x00000000a8400000| Untracked 
| 133|0x00000000a8500000, 0x00000000a8600000, 0x00000000a8600000|100%| O|  |TAMS 0x00000000a8500000, 0x00000000a8500000| Untracked 
| 134|0x00000000a8600000, 0x00000000a8700000, 0x00000000a8700000|100%| O|  |TAMS 0x00000000a8600000, 0x00000000a8600000| Untracked 
| 135|0x00000000a8700000, 0x00000000a8800000, 0x00000000a8800000|100%| O|  |TAMS 0x00000000a8700000, 0x00000000a8700000| Untracked 
| 136|0x00000000a8800000, 0x00000000a8900000, 0x00000000a8900000|100%| O|  |TAMS 0x00000000a8800000, 0x00000000a8800000| Untracked 
| 137|0x00000000a8900000, 0x00000000a89ddc00, 0x00000000a8a00000| 86%| O|  |TAMS 0x00000000a8900000, 0x00000000a8900000| Untracked 
| 138|0x00000000a8a00000, 0x00000000a8b00000, 0x00000000a8b00000|100%| O|  |TAMS 0x00000000a8a00000, 0x00000000a8a00000| Untracked 
| 139|0x00000000a8b00000, 0x00000000a8c00000, 0x00000000a8c00000|100%| O|  |TAMS 0x00000000a8b00000, 0x00000000a8b00000| Untracked 
| 140|0x00000000a8c00000, 0x00000000a8d00000, 0x00000000a8d00000|100%| O|  |TAMS 0x00000000a8c00000, 0x00000000a8c00000| Untracked 
| 141|0x00000000a8d00000, 0x00000000a8e00000, 0x00000000a8e00000|100%| O|  |TAMS 0x00000000a8d00000, 0x00000000a8d00000| Untracked 
| 142|0x00000000a8e00000, 0x00000000a8f00000, 0x00000000a8f00000|100%| O|  |TAMS 0x00000000a8e00000, 0x00000000a8e00000| Untracked 
| 143|0x00000000a8f00000, 0x00000000a9000000, 0x00000000a9000000|100%| O|  |TAMS 0x00000000a8f00000, 0x00000000a8f00000| Untracked 
| 144|0x00000000a9000000, 0x00000000a9100000, 0x00000000a9100000|100%| O|  |TAMS 0x00000000a9000000, 0x00000000a9000000| Untracked 
| 145|0x00000000a9100000, 0x00000000a9200000, 0x00000000a9200000|100%| O|  |TAMS 0x00000000a9100000, 0x00000000a9100000| Untracked 
| 146|0x00000000a9200000, 0x00000000a9300000, 0x00000000a9300000|100%| O|  |TAMS 0x00000000a9200000, 0x00000000a9200000| Untracked 
| 147|0x00000000a9300000, 0x00000000a9400000, 0x00000000a9400000|100%| O|  |TAMS 0x00000000a9300000, 0x00000000a9300000| Untracked 
| 148|0x00000000a9400000, 0x00000000a9500000, 0x00000000a9500000|100%| O|  |TAMS 0x00000000a9400000, 0x00000000a9400000| Untracked 
| 149|0x00000000a9500000, 0x00000000a9600000, 0x00000000a9600000|100%| O|  |TAMS 0x00000000a9500000, 0x00000000a9500000| Untracked 
| 150|0x00000000a9600000, 0x00000000a9700000, 0x00000000a9700000|100%| O|  |TAMS 0x00000000a9600000, 0x00000000a9600000| Untracked 
| 151|0x00000000a9700000, 0x00000000a9800000, 0x00000000a9800000|100%| O|  |TAMS 0x00000000a9700000, 0x00000000a9700000| Untracked 
| 152|0x00000000a9800000, 0x00000000a9900000, 0x00000000a9900000|100%| O|  |TAMS 0x00000000a9800000, 0x00000000a9800000| Untracked 
| 153|0x00000000a9900000, 0x00000000a9a00000, 0x00000000a9a00000|100%| O|  |TAMS 0x00000000a9900000, 0x00000000a9900000| Untracked 
| 154|0x00000000a9a00000, 0x00000000a9b00000, 0x00000000a9b00000|100%| O|  |TAMS 0x00000000a9a00000, 0x00000000a9a00000| Untracked 
| 155|0x00000000a9b00000, 0x00000000a9c00000, 0x00000000a9c00000|100%| O|  |TAMS 0x00000000a9b00000, 0x00000000a9b00000| Untracked 
| 156|0x00000000a9c00000, 0x00000000a9d00000, 0x00000000a9d00000|100%| O|  |TAMS 0x00000000a9c00000, 0x00000000a9c00000| Untracked 
| 157|0x00000000a9d00000, 0x00000000a9e00000, 0x00000000a9e00000|100%| O|  |TAMS 0x00000000a9d00000, 0x00000000a9d00000| Untracked 
| 158|0x00000000a9e00000, 0x00000000a9f00000, 0x00000000a9f00000|100%| O|  |TAMS 0x00000000a9e00000, 0x00000000a9e00000| Untracked 
| 159|0x00000000a9f00000, 0x00000000aa000000, 0x00000000aa000000|100%| O|  |TAMS 0x00000000a9f00000, 0x00000000a9f00000| Untracked 
| 160|0x00000000aa000000, 0x00000000aa100000, 0x00000000aa100000|100%| O|  |TAMS 0x00000000aa000000, 0x00000000aa000000| Untracked 
| 161|0x00000000aa100000, 0x00000000aa200000, 0x00000000aa200000|100%| O|  |TAMS 0x00000000aa100000, 0x00000000aa100000| Untracked 
| 162|0x00000000aa200000, 0x00000000aa300000, 0x00000000aa300000|100%| O|  |TAMS 0x00000000aa200000, 0x00000000aa200000| Untracked 
| 163|0x00000000aa300000, 0x00000000aa400000, 0x00000000aa400000|100%| O|  |TAMS 0x00000000aa300000, 0x00000000aa300000| Untracked 
| 164|0x00000000aa400000, 0x00000000aa400000, 0x00000000aa500000|  0%| F|  |TAMS 0x00000000aa400000, 0x00000000aa400000| Untracked 
| 165|0x00000000aa500000, 0x00000000aa500000, 0x00000000aa600000|  0%| F|  |TAMS 0x00000000aa500000, 0x00000000aa500000| Untracked 
| 166|0x00000000aa600000, 0x00000000aa600000, 0x00000000aa700000|  0%| F|  |TAMS 0x00000000aa600000, 0x00000000aa600000| Untracked 
| 167|0x00000000aa700000, 0x00000000aa700000, 0x00000000aa800000|  0%| F|  |TAMS 0x00000000aa700000, 0x00000000aa700000| Untracked 
| 168|0x00000000aa800000, 0x00000000aa800000, 0x00000000aa900000|  0%| F|  |TAMS 0x00000000aa800000, 0x00000000aa800000| Untracked 
| 169|0x00000000aa900000, 0x00000000aa900000, 0x00000000aaa00000|  0%| F|  |TAMS 0x00000000aa900000, 0x00000000aa900000| Untracked 
| 170|0x00000000aaa00000, 0x00000000aaa00000, 0x00000000aab00000|  0%| F|  |TAMS 0x00000000aaa00000, 0x00000000aaa00000| Untracked 
| 171|0x00000000aab00000, 0x00000000aab00000, 0x00000000aac00000|  0%| F|  |TAMS 0x00000000aab00000, 0x00000000aab00000| Untracked 
| 172|0x00000000aac00000, 0x00000000aac00000, 0x00000000aad00000|  0%| F|  |TAMS 0x00000000aac00000, 0x00000000aac00000| Untracked 
| 173|0x00000000aad00000, 0x00000000aad00000, 0x00000000aae00000|  0%| F|  |TAMS 0x00000000aad00000, 0x00000000aad00000| Untracked 
| 174|0x00000000aae00000, 0x00000000aae00000, 0x00000000aaf00000|  0%| F|  |TAMS 0x00000000aae00000, 0x00000000aae00000| Untracked 
| 175|0x00000000aaf00000, 0x00000000aaf00000, 0x00000000ab000000|  0%| F|  |TAMS 0x00000000aaf00000, 0x00000000aaf00000| Untracked 
| 176|0x00000000ab000000, 0x00000000ab000000, 0x00000000ab100000|  0%| F|  |TAMS 0x00000000ab000000, 0x00000000ab000000| Untracked 
| 177|0x00000000ab100000, 0x00000000ab100000, 0x00000000ab200000|  0%| F|  |TAMS 0x00000000ab100000, 0x00000000ab100000| Untracked 
| 178|0x00000000ab200000, 0x00000000ab200000, 0x00000000ab300000|  0%| F|  |TAMS 0x00000000ab200000, 0x00000000ab200000| Untracked 
| 179|0x00000000ab300000, 0x00000000ab300000, 0x00000000ab400000|  0%| F|  |TAMS 0x00000000ab300000, 0x00000000ab300000| Untracked 
| 180|0x00000000ab400000, 0x00000000ab400000, 0x00000000ab500000|  0%| F|  |TAMS 0x00000000ab400000, 0x00000000ab400000| Untracked 
| 181|0x00000000ab500000, 0x00000000ab500000, 0x00000000ab600000|  0%| F|  |TAMS 0x00000000ab500000, 0x00000000ab500000| Untracked 
| 182|0x00000000ab600000, 0x00000000ab600000, 0x00000000ab700000|  0%| F|  |TAMS 0x00000000ab600000, 0x00000000ab600000| Untracked 
| 183|0x00000000ab700000, 0x00000000ab700000, 0x00000000ab800000|  0%| F|  |TAMS 0x00000000ab700000, 0x00000000ab700000| Untracked 
| 184|0x00000000ab800000, 0x00000000ab800000, 0x00000000ab900000|  0%| F|  |TAMS 0x00000000ab800000, 0x00000000ab800000| Untracked 
| 185|0x00000000ab900000, 0x00000000ab900000, 0x00000000aba00000|  0%| F|  |TAMS 0x00000000ab900000, 0x00000000ab900000| Untracked 
| 186|0x00000000aba00000, 0x00000000aba00000, 0x00000000abb00000|  0%| F|  |TAMS 0x00000000aba00000, 0x00000000aba00000| Untracked 
| 187|0x00000000abb00000, 0x00000000abb00000, 0x00000000abc00000|  0%| F|  |TAMS 0x00000000abb00000, 0x00000000abb00000| Untracked 
| 188|0x00000000abc00000, 0x00000000abc00000, 0x00000000abd00000|  0%| F|  |TAMS 0x00000000abc00000, 0x00000000abc00000| Untracked 
| 189|0x00000000abd00000, 0x00000000abd00000, 0x00000000abe00000|  0%| F|  |TAMS 0x00000000abd00000, 0x00000000abd00000| Untracked 
| 190|0x00000000abe00000, 0x00000000abe00000, 0x00000000abf00000|  0%| F|  |TAMS 0x00000000abe00000, 0x00000000abe00000| Untracked 
| 191|0x00000000abf00000, 0x00000000abf20b18, 0x00000000ac000000| 12%| S|CS|TAMS 0x00000000abf00000, 0x00000000abf00000| Complete 
| 192|0x00000000ac000000, 0x00000000ac100000, 0x00000000ac100000|100%| S|CS|TAMS 0x00000000ac000000, 0x00000000ac000000| Complete 
| 193|0x00000000ac100000, 0x00000000ac200000, 0x00000000ac200000|100%| S|CS|TAMS 0x00000000ac100000, 0x00000000ac100000| Complete 
| 194|0x00000000ac200000, 0x00000000ac300000, 0x00000000ac300000|100%| S|CS|TAMS 0x00000000ac200000, 0x00000000ac200000| Complete 
| 195|0x00000000ac300000, 0x00000000ac300000, 0x00000000ac400000|  0%| F|  |TAMS 0x00000000ac300000, 0x00000000ac300000| Untracked 
| 196|0x00000000ac400000, 0x00000000ac400000, 0x00000000ac500000|  0%| F|  |TAMS 0x00000000ac400000, 0x00000000ac400000| Untracked 
| 197|0x00000000ac500000, 0x00000000ac500000, 0x00000000ac600000|  0%| F|  |TAMS 0x00000000ac500000, 0x00000000ac500000| Untracked 
| 198|0x00000000ac600000, 0x00000000ac600000, 0x00000000ac700000|  0%| F|  |TAMS 0x00000000ac600000, 0x00000000ac600000| Untracked 
| 199|0x00000000ac700000, 0x00000000ac700000, 0x00000000ac800000|  0%| F|  |TAMS 0x00000000ac700000, 0x00000000ac700000| Untracked 
| 200|0x00000000ac800000, 0x00000000ac800000, 0x00000000ac900000|  0%| F|  |TAMS 0x00000000ac800000, 0x00000000ac800000| Untracked 
| 201|0x00000000ac900000, 0x00000000ac900000, 0x00000000aca00000|  0%| F|  |TAMS 0x00000000ac900000, 0x00000000ac900000| Untracked 
| 202|0x00000000aca00000, 0x00000000aca00000, 0x00000000acb00000|  0%| F|  |TAMS 0x00000000aca00000, 0x00000000aca00000| Untracked 
| 203|0x00000000acb00000, 0x00000000acb00000, 0x00000000acc00000|  0%| F|  |TAMS 0x00000000acb00000, 0x00000000acb00000| Untracked 
| 204|0x00000000acc00000, 0x00000000acc00000, 0x00000000acd00000|  0%| F|  |TAMS 0x00000000acc00000, 0x00000000acc00000| Untracked 
| 205|0x00000000acd00000, 0x00000000acd00000, 0x00000000ace00000|  0%| F|  |TAMS 0x00000000acd00000, 0x00000000acd00000| Untracked 
| 206|0x00000000ace00000, 0x00000000ace00000, 0x00000000acf00000|  0%| F|  |TAMS 0x00000000ace00000, 0x00000000ace00000| Untracked 
| 207|0x00000000acf00000, 0x00000000acf00000, 0x00000000ad000000|  0%| F|  |TAMS 0x00000000acf00000, 0x00000000acf00000| Untracked 
| 208|0x00000000ad000000, 0x00000000ad000000, 0x00000000ad100000|  0%| F|  |TAMS 0x00000000ad000000, 0x00000000ad000000| Untracked 
| 209|0x00000000ad100000, 0x00000000ad100000, 0x00000000ad200000|  0%| F|  |TAMS 0x00000000ad100000, 0x00000000ad100000| Untracked 
| 210|0x00000000ad200000, 0x00000000ad2f5838, 0x00000000ad300000| 95%| E|  |TAMS 0x00000000ad200000, 0x00000000ad200000| Complete 
| 211|0x00000000ad300000, 0x00000000ad400000, 0x00000000ad400000|100%| E|CS|TAMS 0x00000000ad300000, 0x00000000ad300000| Complete 
| 212|0x00000000ad400000, 0x00000000ad500000, 0x00000000ad500000|100%| E|CS|TAMS 0x00000000ad400000, 0x00000000ad400000| Complete 
| 213|0x00000000ad500000, 0x00000000ad600000, 0x00000000ad600000|100%| E|CS|TAMS 0x00000000ad500000, 0x00000000ad500000| Complete 
| 214|0x00000000ad600000, 0x00000000ad700000, 0x00000000ad700000|100%| E|CS|TAMS 0x00000000ad600000, 0x00000000ad600000| Complete 
| 215|0x00000000ad700000, 0x00000000ad800000, 0x00000000ad800000|100%| E|CS|TAMS 0x00000000ad700000, 0x00000000ad700000| Complete 
| 216|0x00000000ad800000, 0x00000000ad900000, 0x00000000ad900000|100%| E|CS|TAMS 0x00000000ad800000, 0x00000000ad800000| Complete 
| 217|0x00000000ad900000, 0x00000000ada00000, 0x00000000ada00000|100%| E|CS|TAMS 0x00000000ad900000, 0x00000000ad900000| Complete 
| 218|0x00000000ada00000, 0x00000000adb00000, 0x00000000adb00000|100%| E|CS|TAMS 0x00000000ada00000, 0x00000000ada00000| Complete 
| 219|0x00000000adb00000, 0x00000000adc00000, 0x00000000adc00000|100%| E|CS|TAMS 0x00000000adb00000, 0x00000000adb00000| Complete 
| 220|0x00000000adc00000, 0x00000000add00000, 0x00000000add00000|100%| E|CS|TAMS 0x00000000adc00000, 0x00000000adc00000| Complete 
| 221|0x00000000add00000, 0x00000000ade00000, 0x00000000ade00000|100%| E|CS|TAMS 0x00000000add00000, 0x00000000add00000| Complete 
| 222|0x00000000ade00000, 0x00000000adf00000, 0x00000000adf00000|100%| E|CS|TAMS 0x00000000ade00000, 0x00000000ade00000| Complete 
| 223|0x00000000adf00000, 0x00000000ae000000, 0x00000000ae000000|100%| E|CS|TAMS 0x00000000adf00000, 0x00000000adf00000| Complete 
| 224|0x00000000ae000000, 0x00000000ae100000, 0x00000000ae100000|100%| E|CS|TAMS 0x00000000ae000000, 0x00000000ae000000| Complete 
| 225|0x00000000ae100000, 0x00000000ae200000, 0x00000000ae200000|100%| E|CS|TAMS 0x00000000ae100000, 0x00000000ae100000| Complete 
| 226|0x00000000ae200000, 0x00000000ae300000, 0x00000000ae300000|100%| E|CS|TAMS 0x00000000ae200000, 0x00000000ae200000| Complete 
| 227|0x00000000ae300000, 0x00000000ae400000, 0x00000000ae400000|100%| E|CS|TAMS 0x00000000ae300000, 0x00000000ae300000| Complete 
| 228|0x00000000ae400000, 0x00000000ae500000, 0x00000000ae500000|100%| E|CS|TAMS 0x00000000ae400000, 0x00000000ae400000| Complete 
| 229|0x00000000ae500000, 0x00000000ae600000, 0x00000000ae600000|100%| E|CS|TAMS 0x00000000ae500000, 0x00000000ae500000| Complete 
| 230|0x00000000ae600000, 0x00000000ae700000, 0x00000000ae700000|100%| E|CS|TAMS 0x00000000ae600000, 0x00000000ae600000| Complete 
| 231|0x00000000ae700000, 0x00000000ae800000, 0x00000000ae800000|100%| E|CS|TAMS 0x00000000ae700000, 0x00000000ae700000| Complete 
| 232|0x00000000ae800000, 0x00000000ae900000, 0x00000000ae900000|100%| E|CS|TAMS 0x00000000ae800000, 0x00000000ae800000| Complete 
| 233|0x00000000ae900000, 0x00000000aea00000, 0x00000000aea00000|100%| E|CS|TAMS 0x00000000ae900000, 0x00000000ae900000| Complete 
| 234|0x00000000aea00000, 0x00000000aeb00000, 0x00000000aeb00000|100%| E|CS|TAMS 0x00000000aea00000, 0x00000000aea00000| Complete 
| 235|0x00000000aeb00000, 0x00000000aec00000, 0x00000000aec00000|100%| E|CS|TAMS 0x00000000aeb00000, 0x00000000aeb00000| Complete 
| 236|0x00000000aec00000, 0x00000000aed00000, 0x00000000aed00000|100%| E|CS|TAMS 0x00000000aec00000, 0x00000000aec00000| Complete 
| 237|0x00000000aed00000, 0x00000000aee00000, 0x00000000aee00000|100%| E|CS|TAMS 0x00000000aed00000, 0x00000000aed00000| Complete 
| 238|0x00000000aee00000, 0x00000000aef00000, 0x00000000aef00000|100%| E|CS|TAMS 0x00000000aee00000, 0x00000000aee00000| Complete 
| 239|0x00000000aef00000, 0x00000000af000000, 0x00000000af000000|100%| E|CS|TAMS 0x00000000aef00000, 0x00000000aef00000| Complete 
| 240|0x00000000af000000, 0x00000000af100000, 0x00000000af100000|100%| E|CS|TAMS 0x00000000af000000, 0x00000000af000000| Complete 
| 241|0x00000000af100000, 0x00000000af200000, 0x00000000af200000|100%| E|CS|TAMS 0x00000000af100000, 0x00000000af100000| Complete 
| 242|0x00000000af200000, 0x00000000af300000, 0x00000000af300000|100%| E|CS|TAMS 0x00000000af200000, 0x00000000af200000| Complete 
| 243|0x00000000af300000, 0x00000000af400000, 0x00000000af400000|100%| E|CS|TAMS 0x00000000af300000, 0x00000000af300000| Complete 
| 244|0x00000000af400000, 0x00000000af500000, 0x00000000af500000|100%| E|CS|TAMS 0x00000000af400000, 0x00000000af400000| Complete 
| 245|0x00000000af500000, 0x00000000af600000, 0x00000000af600000|100%| E|CS|TAMS 0x00000000af500000, 0x00000000af500000| Complete 
| 246|0x00000000af600000, 0x00000000af700000, 0x00000000af700000|100%| E|CS|TAMS 0x00000000af600000, 0x00000000af600000| Complete 
| 247|0x00000000af700000, 0x00000000af800000, 0x00000000af800000|100%| E|CS|TAMS 0x00000000af700000, 0x00000000af700000| Complete 
| 248|0x00000000af800000, 0x00000000af900000, 0x00000000af900000|100%| E|CS|TAMS 0x00000000af800000, 0x00000000af800000| Complete 
| 249|0x00000000af900000, 0x00000000afa00000, 0x00000000afa00000|100%| E|CS|TAMS 0x00000000af900000, 0x00000000af900000| Complete 
| 250|0x00000000afa00000, 0x00000000afb00000, 0x00000000afb00000|100%| E|CS|TAMS 0x00000000afa00000, 0x00000000afa00000| Complete 
| 251|0x00000000afb00000, 0x00000000afc00000, 0x00000000afc00000|100%| E|CS|TAMS 0x00000000afb00000, 0x00000000afb00000| Complete 

Card table byte_map: [0x000001df12e40000,0x000001df13140000] _byte_map_base: 0x000001df12940000

Marking Bits (Prev, Next): (CMBitMap*) 0x000001df7dd2bff0, (CMBitMap*) 0x000001df7dd2bfb8
 Prev Bits: [0x000001df14c40000, 0x000001df16440000)
 Next Bits: [0x000001df13440000, 0x000001df14c40000)

Polling page: 0x000001df7ddd0000

Metaspace:

Usage:
  Non-class:    138.76 MB capacity,   136.75 MB ( 99%) used,     1.63 MB (  1%) free+waste,   384.31 KB ( <1%) overhead. 
      Class:     20.31 MB capacity,    19.09 MB ( 94%) used,     1.05 MB (  5%) free+waste,   171.00 KB ( <1%) overhead. 
       Both:    159.07 MB capacity,   155.84 MB ( 98%) used,     2.69 MB (  2%) free+waste,   555.31 KB ( <1%) overhead. 

Virtual space:
  Non-class space:      140.00 MB reserved,     138.88 MB (>99%) committed 
      Class space:        1.00 GB reserved,      20.38 MB (  2%) committed 
             Both:        1.14 GB reserved,     159.25 MB ( 14%) committed 

Chunk freelists:
   Non-Class:  0 bytes
       Class:  3.00 KB
        Both:  3.00 KB

MaxMetaspaceSize: 17179869184.00 GB
CompressedClassSpaceSize: 1.00 GB
Initial GC threshold: 20.80 MB
Current GC threshold: 221.46 MB
CDS: off

CodeHeap 'non-profiled nmethods': size=120000Kb used=15899Kb max_used=15899Kb free=104100Kb
 bounds [0x000001df0b500000, 0x000001df0c490000, 0x000001df12a30000]
CodeHeap 'profiled nmethods': size=120000Kb used=58005Kb max_used=58005Kb free=61994Kb
 bounds [0x000001df03fd0000, 0x000001df07880000, 0x000001df0b500000]
CodeHeap 'non-nmethods': size=5760Kb used=2526Kb max_used=2586Kb free=3233Kb
 bounds [0x000001df03a30000, 0x000001df03cc0000, 0x000001df03fd0000]
 total_blobs=22686 nmethods=21611 adapters=985
 compilation: enabled
              stopped_count=0, restarted_count=0
 full_count=0

Compilation events (20 events):
Event: 191.661 Thread 0x000001df19820000 nmethod 24351 0x000001df07878290 code [0x000001df07878460, 0x000001df07878708]
Event: 191.663 Thread 0x000001df19820000 24352       3       java.lang.ProcessEnvironment$EntryComparator::compare (13 bytes)
Event: 191.664 Thread 0x000001df19820000 nmethod 24352 0x000001df07878810 code [0x000001df07878a20, 0x000001df07879128]
Event: 191.664 Thread 0x000001df19820000 24353       3       java.lang.ProcessEnvironment$EntryComparator::compare (25 bytes)
Event: 191.664 Thread 0x000001df19820000 nmethod 24353 0x000001df07879310 code [0x000001df07879500, 0x000001df078799a8]
Event: 191.896 Thread 0x000001df19820000 24359       3       org.slf4j.LoggerFactory::getLogger (65 bytes)
Event: 191.899 Thread 0x000001df19820000 nmethod 24359 0x000001df07879b10 code [0x000001df07879f20, 0x000001df0787b728]
Event: 192.476 Thread 0x000001df1981d000 nmethod 24327 0x000001df0c466a10 code [0x000001df0c4671a0, 0x000001df0c46fc70]
Event: 192.476 Thread 0x000001df1981d000 24338       4       groovy.lang.MetaClassImpl::filterPropertyMethod (305 bytes)
Event: 192.494 Thread 0x000001df1981d000 nmethod 24338 0x000001df0c474310 code [0x000001df0c474540, 0x000001df0c474ca0]
Event: 192.494 Thread 0x000001df1981d000 24343 %     4       org.codehaus.groovy.runtime.metaclass.MetaMethodIndex::resize @ 32 (103 bytes)
Event: 192.515 Thread 0x000001df1cc8c000 nmethod 24330 0x000001df0c475310 code [0x000001df0c475c20, 0x000001df0c47e248]
Event: 192.516 Thread 0x000001df1cc8c000 24331       4       java.util.TimSort::sort (229 bytes)
Event: 192.516 Thread 0x000001df1981d000 nmethod 24343% 0x000001df0c482690 code [0x000001df0c482840, 0x000001df0c482f18]
Event: 192.516 Thread 0x000001df1981d000 24334       4       java.beans.MethodRef::set (58 bytes)
Event: 192.533 Thread 0x000001df1981d000 nmethod 24334 0x000001df0c483110 code [0x000001df0c4832e0, 0x000001df0c483a68]
Event: 192.646 Thread 0x000001df1cc8c000 nmethod 24331 0x000001df0c483c10 code [0x000001df0c483e80, 0x000001df0c485e80]
Event: 202.608 Thread 0x000001df19820000 24360       3       org.gradle.internal.serialize.InputStreamBackedDecoder::readBoolean (8 bytes)
Event: 202.609 Thread 0x000001df19820000 nmethod 24360 0x000001df0787c010 code [0x000001df0787c1e0, 0x000001df0787c538]
Event: 204.490 Thread 0x000001df1981d000 24361       4       org.gradle.internal.logging.text.AbstractLineChoppingStyledTextOutput$1::execute (9 bytes)

GC Heap History (20 events):
Event: 177.724 GC heap before
{Heap before GC invocations=123 (full 0):
 garbage-first heap   total 258048K, used 223783K [0x00000000a0000000, 0x0000000100000000)
  region size 1024K, 83 young (84992K), 6 survivors (6144K)
 Metaspace       used 135797K, capacity 138289K, committed 138368K, reserved 1171456K
  class space    used 16124K, capacity 17093K, committed 17152K, reserved 1048576K
}
Event: 177.730 GC heap after
{Heap after GC invocations=124 (full 0):
 garbage-first heap   total 258048K, used 136120K [0x00000000a0000000, 0x0000000100000000)
  region size 1024K, 2 young (2048K), 2 survivors (2048K)
 Metaspace       used 135797K, capacity 138289K, committed 138368K, reserved 1171456K
  class space    used 16124K, capacity 17093K, committed 17152K, reserved 1048576K
}
Event: 178.301 GC heap before
{Heap before GC invocations=124 (full 0):
 garbage-first heap   total 258048K, used 228280K [0x00000000a0000000, 0x0000000100000000)
  region size 1024K, 85 young (87040K), 2 survivors (2048K)
 Metaspace       used 135797K, capacity 138289K, committed 138368K, reserved 1171456K
  class space    used 16124K, capacity 17093K, committed 17152K, reserved 1048576K
}
Event: 178.306 GC heap after
{Heap after GC invocations=125 (full 0):
 garbage-first heap   total 258048K, used 136202K [0x00000000a0000000, 0x0000000100000000)
  region size 1024K, 2 young (2048K), 2 survivors (2048K)
 Metaspace       used 135797K, capacity 138289K, committed 138368K, reserved 1171456K
  class space    used 16124K, capacity 17093K, committed 17152K, reserved 1048576K
}
Event: 179.006 GC heap before
{Heap before GC invocations=125 (full 0):
 garbage-first heap   total 258048K, used 221194K [0x00000000a0000000, 0x0000000100000000)
  region size 1024K, 85 young (87040K), 2 survivors (2048K)
 Metaspace       used 135798K, capacity 138289K, committed 138368K, reserved 1171456K
  class space    used 16124K, capacity 17093K, committed 17152K, reserved 1048576K
}
Event: 179.011 GC heap after
{Heap after GC invocations=126 (full 0):
 garbage-first heap   total 258048K, used 135988K [0x00000000a0000000, 0x0000000100000000)
  region size 1024K, 2 young (2048K), 2 survivors (2048K)
 Metaspace       used 135798K, capacity 138289K, committed 138368K, reserved 1171456K
  class space    used 16124K, capacity 17093K, committed 17152K, reserved 1048576K
}
Event: 180.118 GC heap before
{Heap before GC invocations=126 (full 0):
 garbage-first heap   total 258048K, used 227124K [0x00000000a0000000, 0x0000000100000000)
  region size 1024K, 86 young (88064K), 2 survivors (2048K)
 Metaspace       used 140134K, capacity 142690K, committed 142848K, reserved 1175552K
  class space    used 16725K, capacity 17686K, committed 17792K, reserved 1048576K
}
Event: 180.125 GC heap after
{Heap after GC invocations=127 (full 0):
 garbage-first heap   total 258048K, used 136707K [0x00000000a0000000, 0x0000000100000000)
  region size 1024K, 3 young (3072K), 3 survivors (3072K)
 Metaspace       used 140134K, capacity 142690K, committed 142848K, reserved 1175552K
  class space    used 16725K, capacity 17686K, committed 17792K, reserved 1048576K
}
Event: 180.900 GC heap before
{Heap before GC invocations=127 (full 0):
 garbage-first heap   total 258048K, used 227843K [0x00000000a0000000, 0x0000000100000000)
  region size 1024K, 87 young (89088K), 3 survivors (3072K)
 Metaspace       used 140947K, capacity 143548K, committed 143744K, reserved 1175552K
  class space    used 16805K, capacity 17802K, committed 17920K, reserved 1048576K
}
Event: 180.917 GC heap after
{Heap after GC invocations=128 (full 0):
 garbage-first heap   total 258048K, used 155057K [0x00000000a0000000, 0x0000000100000000)
  region size 1024K, 11 young (11264K), 11 survivors (11264K)
 Metaspace       used 140947K, capacity 143548K, committed 143744K, reserved 1175552K
  class space    used 16805K, capacity 17802K, committed 17920K, reserved 1048576K
}
Event: 182.595 GC heap before
{Heap before GC invocations=128 (full 0):
 garbage-first heap   total 258048K, used 219569K [0x00000000a0000000, 0x0000000100000000)
  region size 1024K, 74 young (75776K), 11 survivors (11264K)
 Metaspace       used 142644K, capacity 145293K, committed 145408K, reserved 1177600K
  class space    used 16995K, capacity 17999K, committed 18048K, reserved 1048576K
}
Event: 182.612 GC heap after
{Heap after GC invocations=129 (full 0):
 garbage-first heap   total 258048K, used 159926K [0x00000000a0000000, 0x0000000100000000)
  region size 1024K, 6 young (6144K), 6 survivors (6144K)
 Metaspace       used 142644K, capacity 145293K, committed 145408K, reserved 1177600K
  class space    used 16995K, capacity 17999K, committed 18048K, reserved 1048576K
}
Event: 184.062 GC heap before
{Heap before GC invocations=129 (full 0):
 garbage-first heap   total 258048K, used 221366K [0x00000000a0000000, 0x0000000100000000)
  region size 1024K, 66 young (67584K), 6 survivors (6144K)
 Metaspace       used 145420K, capacity 148189K, committed 148480K, reserved 1179648K
  class space    used 17406K, capacity 18450K, committed 18560K, reserved 1048576K
}
Event: 184.072 GC heap after
{Heap after GC invocations=130 (full 0):
 garbage-first heap   total 258048K, used 163739K [0x00000000a0000000, 0x0000000100000000)
  region size 1024K, 9 young (9216K), 9 survivors (9216K)
 Metaspace       used 145420K, capacity 148189K, committed 148480K, reserved 1179648K
  class space    used 17406K, capacity 18450K, committed 18560K, reserved 1048576K
}
Event: 186.015 GC heap before
{Heap before GC invocations=130 (full 0):
 garbage-first heap   total 258048K, used 222107K [0x00000000a0000000, 0x0000000100000000)
  region size 1024K, 66 young (67584K), 9 survivors (9216K)
 Metaspace       used 149693K, capacity 152445K, committed 152704K, reserved 1183744K
  class space    used 18111K, capacity 19132K, committed 19200K, reserved 1048576K
}
Event: 186.028 GC heap after
{Heap after GC invocations=131 (full 0):
 garbage-first heap   total 258048K, used 168276K [0x00000000a0000000, 0x0000000100000000)
  region size 1024K, 9 young (9216K), 9 survivors (9216K)
 Metaspace       used 149693K, capacity 152445K, committed 152704K, reserved 1183744K
  class space    used 18111K, capacity 19132K, committed 19200K, reserved 1048576K
}
Event: 187.880 GC heap before
{Heap before GC invocations=131 (full 0):
 garbage-first heap   total 258048K, used 221524K [0x00000000a0000000, 0x0000000100000000)
  region size 1024K, 61 young (62464K), 9 survivors (9216K)
 Metaspace       used 152464K, capacity 155454K, committed 155520K, reserved 1185792K
  class space    used 18530K, capacity 19669K, committed 19712K, reserved 1048576K
}
Event: 187.893 GC heap after
{Heap after GC invocations=132 (full 0):
 garbage-first heap   total 258048K, used 167654K [0x00000000a0000000, 0x0000000100000000)
  region size 1024K, 5 young (5120K), 5 survivors (5120K)
 Metaspace       used 152464K, capacity 155454K, committed 155520K, reserved 1185792K
  class space    used 18530K, capacity 19669K, committed 19712K, reserved 1048576K
}
Event: 190.253 GC heap before
{Heap before GC invocations=132 (full 0):
 garbage-first heap   total 258048K, used 220902K [0x00000000a0000000, 0x0000000100000000)
  region size 1024K, 57 young (58368K), 5 survivors (5120K)
 Metaspace       used 157233K, capacity 160293K, committed 160384K, reserved 1189888K
  class space    used 19220K, capacity 20411K, committed 20480K, reserved 1048576K
}
Event: 190.262 GC heap after
{Heap after GC invocations=133 (full 0):
 garbage-first heap   total 258048K, used 171001K [0x00000000a0000000, 0x0000000100000000)
  region size 1024K, 4 young (4096K), 4 survivors (4096K)
 Metaspace       used 157233K, capacity 160293K, committed 160384K, reserved 1189888K
  class space    used 19220K, capacity 20411K, committed 20480K, reserved 1048576K
}

Deoptimization events (20 events):
Event: 191.464 Thread 0x000001df1cc8d000 Uncommon trap: trap_request=0xffffffde fr.pc=0x000001df0ba14b48 relative=0x00000000000002e8
Event: 191.464 Thread 0x000001df1cc8d000 Uncommon trap: reason=class_check action=maybe_recompile pc=0x000001df0ba14b48 method=java.util.stream.ReferencePipeline.collect(Ljava/util/stream/Collector;)Ljava/lang/Object; @ 99 c2
Event: 191.464 Thread 0x000001df1cc8d000 DEOPT PACKING pc=0x000001df0ba14b48 sp=0x00000095946fb2f0
Event: 191.464 Thread 0x000001df1cc8d000 DEOPT UNPACKING pc=0x000001df03a7a1af sp=0x00000095946fb2b8 mode 2
Event: 191.465 Thread 0x000001df1cc8d000 Uncommon trap: trap_request=0xffffff4d fr.pc=0x000001df0ba33334 relative=0x0000000000000214
Event: 191.465 Thread 0x000001df1cc8d000 Uncommon trap: reason=unstable_if action=reinterpret pc=0x000001df0ba33334 method=org.gradle.internal.fingerprint.impl.DefaultFileSystemLocationFingerprint.hashForType(Lorg/gradle/internal/file/FileType;Lorg/gradle/internal/hash/HashCode;)Lorg/gradle/inte
Event: 191.466 Thread 0x000001df1cc8d000 DEOPT PACKING pc=0x000001df0ba33334 sp=0x00000095946fcce0
Event: 191.466 Thread 0x000001df1cc8d000 DEOPT UNPACKING pc=0x000001df03a7a1af sp=0x00000095946fcc50 mode 2
Event: 204.489 Thread 0x000001df24721800 Uncommon trap: trap_request=0xffffff4d fr.pc=0x000001df0b9d8484 relative=0x0000000000000324
Event: 204.489 Thread 0x000001df24721800 Uncommon trap: reason=unstable_if action=reinterpret pc=0x000001df0b9d8484 method=org.gradle.internal.logging.sink.OutputEventRenderer.onOutput(Lorg/gradle/internal/logging/events/OutputEvent;)V @ 24 c2
Event: 204.489 Thread 0x000001df24721800 DEOPT PACKING pc=0x000001df0b9d8484 sp=0x0000009594ffedc0
Event: 204.489 Thread 0x000001df24721800 DEOPT UNPACKING pc=0x000001df03a7a1af sp=0x0000009594ffed78 mode 2
Event: 204.489 Thread 0x000001df24721800 Uncommon trap: trap_request=0xffffff4d fr.pc=0x000001df0b999938 relative=0x00000000000001d8
Event: 204.489 Thread 0x000001df24721800 Uncommon trap: reason=unstable_if action=reinterpret pc=0x000001df0b999938 method=org.gradle.internal.logging.sink.LogEventDispatcher.onOutput(Lorg/gradle/internal/logging/events/OutputEvent;)V @ 35 c2
Event: 204.489 Thread 0x000001df24721800 DEOPT PACKING pc=0x000001df0b999938 sp=0x0000009594ffea00
Event: 204.489 Thread 0x000001df24721800 DEOPT UNPACKING pc=0x000001df03a7a1af sp=0x0000009594ffe930 mode 2
Event: 204.489 Thread 0x000001df24721800 Uncommon trap: trap_request=0xffffff4d fr.pc=0x000001df0b99929c relative=0x00000000000001bc
Event: 204.489 Thread 0x000001df24721800 Uncommon trap: reason=unstable_if action=reinterpret pc=0x000001df0b99929c method=org.gradle.internal.logging.sink.LogEventDispatcher.onOutput(Lorg/gradle/internal/logging/events/OutputEvent;)V @ 35 c2
Event: 204.489 Thread 0x000001df24721800 DEOPT PACKING pc=0x000001df0b99929c sp=0x0000009594ffe970
Event: 204.489 Thread 0x000001df24721800 DEOPT UNPACKING pc=0x000001df03a7a1af sp=0x0000009594ffe918 mode 2

Classes redefined (0 events):
No events

Internal exceptions (20 events):
Event: 191.565 Thread 0x000001df1cc8d000 Exception <a 'java/lang/ClassNotFoundException'{0x00000000ad696e00}: org/gradle/process/internal/AbstractExecHandleBuilderBeanInfo> (0x00000000ad696e00) thrown at [./src/hotspot/share/classfile/systemDictionary.cpp, line 231]
Event: 191.567 Thread 0x000001df1cc8d000 Exception <a 'java/lang/ClassNotFoundException'{0x00000000ad6ca1a0}: org/gradle/process/internal/DefaultProcessForkOptionsBeanInfo> (0x00000000ad6ca1a0) thrown at [./src/hotspot/share/classfile/systemDictionary.cpp, line 231]
Event: 191.569 Thread 0x000001df1cc8d000 Exception <a 'java/lang/ClassNotFoundException'{0x00000000ad6fd4c0}: org/gradle/process/internal/DefaultProcessForkOptionsCustomizer> (0x00000000ad6fd4c0) thrown at [./src/hotspot/share/classfile/systemDictionary.cpp, line 231]
Event: 191.587 Thread 0x000001df1cc8d000 Exception <a 'java/lang/ClassNotFoundException'{0x00000000ad53d858}: org/gradle/process/internal/AbstractExecHandleBuilderCustomizer> (0x00000000ad53d858) thrown at [./src/hotspot/share/classfile/systemDictionary.cpp, line 231]
Event: 191.589 Thread 0x000001df1cc8d000 Exception <a 'java/lang/ClassNotFoundException'{0x00000000ad581bb8}: org/gradle/process/internal/DefaultExecHandleBuilderCustomizer> (0x00000000ad581bb8) thrown at [./src/hotspot/share/classfile/systemDictionary.cpp, line 231]
Event: 191.593 Thread 0x000001df1cc8d000 Exception <a 'java/lang/ClassNotFoundException'{0x00000000ad5dd158}: org/gradle/process/internal/DefaultExecActionCustomizer> (0x00000000ad5dd158) thrown at [./src/hotspot/share/classfile/systemDictionary.cpp, line 231]
Event: 191.596 Thread 0x000001df1cc8d000 Exception <a 'java/lang/ClassNotFoundException'{0x00000000ad41a218}: org/gradle/process/internal/DefaultExecAction_DecoratedCustomizer> (0x00000000ad41a218) thrown at [./src/hotspot/share/classfile/systemDictionary.cpp, line 231]
Event: 191.601 Thread 0x000001df1cc8d000 Exception <a 'java/lang/ClassNotFoundException'{0x00000000ad472168}: org/gradle/api/logging/LogLevelBeanInfo> (0x00000000ad472168) thrown at [./src/hotspot/share/classfile/systemDictionary.cpp, line 231]
Event: 191.603 Thread 0x000001df1cc8d000 Exception <a 'java/lang/ClassNotFoundException'{0x00000000ad49bad8}: org/gradle/api/logging/LogLevelCustomizer> (0x00000000ad49bad8) thrown at [./src/hotspot/share/classfile/systemDictionary.cpp, line 231]
Event: 191.614 Thread 0x000001df1cc8d000 Exception <a 'java/lang/ClassNotFoundException'{0x00000000ad30afd0}: org/gradle/internal/logging/services/DefaultLoggingManagerBeanInfo> (0x00000000ad30afd0) thrown at [./src/hotspot/share/classfile/systemDictionary.cpp, line 231]
Event: 191.616 Thread 0x000001df1cc8d000 Exception <a 'java/lang/ClassNotFoundException'{0x00000000ad33f0a0}: org/gradle/internal/logging/services/DefaultLoggingManagerCustomizer> (0x00000000ad33f0a0) thrown at [./src/hotspot/share/classfile/systemDictionary.cpp, line 231]
Event: 191.630 Thread 0x000001df1cc8d000 Exception <a 'java/lang/ClassNotFoundException'{0x00000000ad37a6e8}: java/lang/BooleanBeanInfo> (0x00000000ad37a6e8) thrown at [./src/hotspot/share/classfile/systemDictionary.cpp, line 231]
Event: 191.630 Thread 0x000001df1cc8d000 Exception <a 'java/lang/ClassNotFoundException'{0x00000000ad3867f8}: java/lang/BooleanCustomizer> (0x00000000ad3867f8) thrown at [./src/hotspot/share/classfile/systemDictionary.cpp, line 231]
Event: 191.884 Thread 0x000001df2471b000 Exception <a 'java/lang/NoSuchMethodError'{0x00000000ad20af30}: 'void java.lang.invoke.DirectMethodHandle$Holder.invokeStatic(java.lang.Object, long)'> (0x00000000ad20af30) thrown at [./src/hotspot/share/interpreter/linkResolver.cpp, line 773]
Event: 191.885 Thread 0x000001df2471b000 Exception <a 'java/lang/NoSuchMethodError'{0x00000000ad20fea0}: 'java.lang.Object java.lang.invoke.DirectMethodHandle$Holder.invokeStatic(java.lang.Object, long)'> (0x00000000ad20fea0) thrown at [./src/hotspot/share/interpreter/linkResolver.cpp, line 773]
Event: 191.885 Thread 0x000001df2471b000 Exception <a 'java/lang/NoSuchMethodError'{0x00000000ad2131c8}: 'java.lang.Object java.lang.invoke.DirectMethodHandle$Holder.invokeSpecial(java.lang.Object, java.lang.Object, long)'> (0x00000000ad2131c8) thrown at [./src/hotspot/share/interpreter/linkResolver.cpp, line 773]
Event: 191.885 Thread 0x000001df2471b000 Exception <a 'java/lang/NoSuchMethodError'{0x00000000ad215f30}: 'java.lang.Object java.lang.invoke.Invokers$Holder.linkToTargetMethod(long, java.lang.Object)'> (0x00000000ad215f30) thrown at [./src/hotspot/share/interpreter/linkResolver.cpp, line 773]
Event: 191.888 Thread 0x000001df2471b000 Exception <a 'java/lang/NoSuchMethodError'{0x00000000ad21b208}: 'java.lang.Object java.lang.invoke.DirectMethodHandle$Holder.invokeStatic(java.lang.Object, java.lang.Object, long, java.lang.Object)'> (0x00000000ad21b208) thrown at [./src/hotspot/share/interpreter/linkResolver.cpp, line 773]
Event: 191.888 Thread 0x000001df2471b000 Exception <a 'java/lang/NoSuchMethodError'{0x00000000ad21e520}: 'java.lang.Object java.lang.invoke.DirectMethodHandle$Holder.invokeStaticInit(java.lang.Object, java.lang.Object, long, java.lang.Object)'> (0x00000000ad21e520) thrown at [./src/hotspot/share/interpreter/linkResolver.cpp, line 773]
Event: 204.488 Thread 0x000001df24721800 Exception <a 'java/lang/StackOverflowError'{0x00000000ad256f20}> (0x00000000ad256f20) thrown at [./src/hotspot/share/interpreter/interpreterRuntime.cpp, line 392]

Events (20 events):
Event: 191.654 loading class org/gradle/process/internal/ProcessBuilderFactory
Event: 191.654 loading class org/gradle/process/internal/ProcessBuilderFactory done
Event: 191.655 loading class org/gradle/internal/operations/CurrentBuildOperationPreservingRunnable
Event: 191.655 loading class org/gradle/internal/operations/CurrentBuildOperationPreservingRunnable done
Event: 191.657 Thread 0x000001df2471b000 Thread added: 0x000001df2471b000
Event: 191.660 loading class net/rubygrapefruit/platform/internal/jni/WindowsHandleFunctions
Event: 191.660 loading class net/rubygrapefruit/platform/internal/jni/WindowsHandleFunctions done
Event: 191.661 loading class java/lang/ProcessImpl
Event: 191.663 loading class java/lang/ProcessImpl done
Event: 191.886 loading class java/lang/ProcessHandleImpl
Event: 191.887 loading class java/lang/ProcessHandleImpl done
Event: 191.891 loading class java/lang/ProcessImpl$2
Event: 191.891 loading class java/lang/ProcessImpl$2 done
Event: 191.891 loading class java/lang/Process$PipeInputStream
Event: 191.892 loading class java/lang/Process$PipeInputStream done
Event: 191.892 loading class org/gradle/process/internal/streams/ExecOutputHandleRunner
Event: 191.892 loading class org/gradle/process/internal/streams/ExecOutputHandleRunner done
Event: 191.909 Thread 0x000001df24721800 Thread added: 0x000001df24721800
Event: 191.909 Thread 0x000001df2471c000 Thread added: 0x000001df2471c000
Event: 197.645 Thread 0x000001df1cc8c000 Thread exited: 0x000001df1cc8c000


Dynamic libraries:
0x00007ff6dcaa0000 - 0x00007ff6dcaaa000 	E:\Software\Android Studios\jre\bin\java.exe
0x00007ffdfa850000 - 0x00007ffdfaa48000 	C:\WINDOWS\SYSTEM32\ntdll.dll
0x00007ffdf9700000 - 0x00007ffdf97bf000 	C:\WINDOWS\System32\KERNEL32.DLL
0x00007ffdf8310000 - 0x00007ffdf85e2000 	C:\WINDOWS\System32\KERNELBASE.dll
0x00007ffdf7f40000 - 0x00007ffdf8040000 	C:\WINDOWS\System32\ucrtbase.dll
0x00007ffdf0d70000 - 0x00007ffdf0d89000 	E:\Software\Android Studios\jre\bin\jli.dll
0x00007ffdfa020000 - 0x00007ffdfa1c1000 	C:\WINDOWS\System32\USER32.dll
0x00007ffdf7340000 - 0x00007ffdf75da000 	C:\WINDOWS\WinSxS\amd64_microsoft.windows.common-controls_6595b64144ccf1df_6.0.19041.1110_none_60b5254171f9507e\COMCTL32.dll
0x00007ffdf8860000 - 0x00007ffdf8882000 	C:\WINDOWS\System32\win32u.dll
0x00007ffdf88e0000 - 0x00007ffdf897e000 	C:\WINDOWS\System32\msvcrt.dll
0x00007ffdf8890000 - 0x00007ffdf88bb000 	C:\WINDOWS\System32\GDI32.dll
0x00007ffdf8750000 - 0x00007ffdf885f000 	C:\WINDOWS\System32\gdi32full.dll
0x00007ffdeefe0000 - 0x00007ffdeeff7000 	E:\Software\Android Studios\jre\bin\VCRUNTIME140.dll
0x00007ffdf85f0000 - 0x00007ffdf868d000 	C:\WINDOWS\System32\msvcp_win.dll
0x00007ffdf97c0000 - 0x00007ffdf97f2000 	C:\WINDOWS\System32\IMM32.DLL
0x00007ffdbdd70000 - 0x00007ffdbde0d000 	E:\Software\Android Studios\jre\bin\msvcp140.dll
0x00007ffd66440000 - 0x00007ffd66f25000 	E:\Software\Android Studios\jre\bin\server\jvm.dll
0x00007ffdfa760000 - 0x00007ffdfa80e000 	C:\WINDOWS\System32\ADVAPI32.dll
0x00007ffdfa650000 - 0x00007ffdfa6ec000 	C:\WINDOWS\System32\sechost.dll
0x00007ffdf8ab0000 - 0x00007ffdf8bd5000 	C:\WINDOWS\System32\RPCRT4.dll
0x00007ffdfa010000 - 0x00007ffdfa018000 	C:\WINDOWS\System32\PSAPI.DLL
0x00007ffddacf0000 - 0x00007ffddad17000 	C:\WINDOWS\SYSTEM32\WINMM.dll
0x00007ffdeff90000 - 0x00007ffdeff9a000 	C:\WINDOWS\SYSTEM32\VERSION.dll
0x00007ffde41c0000 - 0x00007ffde41c9000 	C:\WINDOWS\SYSTEM32\WSOCK32.dll
0x00007ffdfa6f0000 - 0x00007ffdfa75b000 	C:\WINDOWS\System32\WS2_32.dll
0x00007ffdf5800000 - 0x00007ffdf5812000 	C:\WINDOWS\SYSTEM32\kernel.appcore.dll
0x00007ffdeef90000 - 0x00007ffdeefa1000 	E:\Software\Android Studios\jre\bin\verify.dll
0x00007ffdf7970000 - 0x00007ffdf7b54000 	C:\WINDOWS\SYSTEM32\DBGHELP.DLL
0x00007ffdf7710000 - 0x00007ffdf7745000 	C:\WINDOWS\SYSTEM32\dbgcore.DLL
0x00007ffdf8690000 - 0x00007ffdf8712000 	C:\WINDOWS\System32\bcryptPrimitives.dll
0x00007ffdce6a0000 - 0x00007ffdce6c9000 	E:\Software\Android Studios\jre\bin\java.dll
0x00007ffdf4fa0000 - 0x00007ffdf4fab000 	E:\Software\Android Studios\jre\bin\jimage.dll
0x00007ffde3cf0000 - 0x00007ffde3d08000 	E:\Software\Android Studios\jre\bin\zip.dll
0x00007ffdf9800000 - 0x00007ffdf9f45000 	C:\WINDOWS\System32\SHELL32.dll
0x00007ffdf5970000 - 0x00007ffdf6102000 	C:\WINDOWS\SYSTEM32\windows.storage.dll
0x00007ffdf8d80000 - 0x00007ffdf90d5000 	C:\WINDOWS\System32\combase.dll
0x00007ffdf72a0000 - 0x00007ffdf72d0000 	C:\WINDOWS\SYSTEM32\Wldp.dll
0x00007ffdf9f50000 - 0x00007ffdf9ffd000 	C:\WINDOWS\System32\SHCORE.dll
0x00007ffdf8a50000 - 0x00007ffdf8aa5000 	C:\WINDOWS\System32\shlwapi.dll
0x00007ffdf7e80000 - 0x00007ffdf7e9f000 	C:\WINDOWS\SYSTEM32\profapi.dll
0x00007ffdce700000 - 0x00007ffdce71a000 	E:\Software\Android Studios\jre\bin\net.dll
0x00007ffdf1390000 - 0x00007ffdf149c000 	C:\WINDOWS\SYSTEM32\WINHTTP.dll
0x00007ffdf7170000 - 0x00007ffdf71da000 	C:\WINDOWS\system32\mswsock.dll
0x00007ffdcdc90000 - 0x00007ffdcdca4000 	E:\Software\Android Studios\jre\bin\nio.dll
0x00007ffdeefb0000 - 0x00007ffdeefd7000 	C:\Users\rishi\.gradle\native\e1d6ef7f7dcc3fd88c89a11ec53ec762bb8ba0a96d01ffa2cd45eb1d1d8dd5c5\windows-amd64\native-platform.dll
0x00007ffdb8310000 - 0x00007ffdb8454000 	C:\Users\rishi\.gradle\native\0d407fdbe67a94daf76414ababcb853783967236a71b16ec16e742cd7a986fd3\windows-amd64\native-platform-file-events.dll
0x00007ffdf4f70000 - 0x00007ffdf4f7a000 	E:\Software\Android Studios\jre\bin\management.dll
0x00007ffdf2f50000 - 0x00007ffdf2f5d000 	E:\Software\Android Studios\jre\bin\management_ext.dll
0x00007ffdf7cd0000 - 0x00007ffdf7ce8000 	C:\WINDOWS\SYSTEM32\CRYPTSP.dll
0x00007ffdf6910000 - 0x00007ffdf6944000 	C:\WINDOWS\system32\rsaenh.dll
0x00007ffdf8720000 - 0x00007ffdf8747000 	C:\WINDOWS\System32\bcrypt.dll
0x00007ffdf7e40000 - 0x00007ffdf7e6e000 	C:\WINDOWS\SYSTEM32\USERENV.dll
0x00007ffdf7260000 - 0x00007ffdf726c000 	C:\WINDOWS\SYSTEM32\CRYPTBASE.dll
0x00007ffdf6c80000 - 0x00007ffdf6cbb000 	C:\WINDOWS\SYSTEM32\IPHLPAPI.DLL
0x00007ffdfa000000 - 0x00007ffdfa008000 	C:\WINDOWS\System32\NSI.dll
0x00007ffde9ef0000 - 0x00007ffde9f07000 	C:\WINDOWS\SYSTEM32\dhcpcsvc6.DLL
0x00007ffded1a0000 - 0x00007ffded1bd000 	C:\WINDOWS\SYSTEM32\dhcpcsvc.DLL
0x00007ffdf6cc0000 - 0x00007ffdf6d8b000 	C:\WINDOWS\SYSTEM32\DNSAPI.dll
0x00007ffdc7ce0000 - 0x00007ffdc7d07000 	E:\Software\Android Studios\jre\bin\sunec.dll
0x00007ffddfdc0000 - 0x00007ffddfdca000 	C:\Windows\System32\rasadhlp.dll
0x00007ffde0360000 - 0x00007ffde03e0000 	C:\WINDOWS\System32\fwpuclnt.dll

dbghelp: loaded successfully - version: 4.0.5 - missing functions: none
symbol engine: initialized successfully - sym options: 0x614 - pdb path: .;E:\Software\Android Studios\jre\bin;C:\WINDOWS\SYSTEM32;C:\WINDOWS\WinSxS\amd64_microsoft.windows.common-controls_6595b64144ccf1df_6.0.19041.1110_none_60b5254171f9507e;E:\Software\Android Studios\jre\bin\server;C:\Users\rishi\.gradle\native\e1d6ef7f7dcc3fd88c89a11ec53ec762bb8ba0a96d01ffa2cd45eb1d1d8dd5c5\windows-amd64;C:\Users\rishi\.gradle\native\0d407fdbe67a94daf76414ababcb853783967236a71b16ec16e742cd7a986fd3\windows-amd64

VM Arguments:
jvm_args: --add-opens=java.base/java.util=ALL-UNNAMED --add-opens=java.base/java.lang=ALL-UNNAMED --add-opens=java.base/java.lang.invoke=ALL-UNNAMED --add-opens=java.base/java.util=ALL-UNNAMED --add-opens=java.prefs/java.util.prefs=ALL-UNNAMED --add-opens=java.prefs/java.util.prefs=ALL-UNNAMED --add-opens=java.base/java.nio.charset=ALL-UNNAMED --add-opens=java.base/java.net=ALL-UNNAMED --add-opens=java.base/java.util.concurrent.atomic=ALL-UNNAMED -Xmx1536M -Dfile.encoding=windows-1252 -Duser.country=IN -Duser.language=en -Duser.variant 
java_command: org.gradle.launcher.daemon.bootstrap.GradleDaemon 7.5
java_class_path (initial): C:\Users\rishi\.gradle\wrapper\dists\gradle-7.5-all\6qsw290k5lz422uaf8jf6m7co\gradle-7.5\lib\gradle-launcher-7.5.jar
Launcher Type: SUN_STANDARD

[Global flags]
     intx CICompilerCount                          = 4                                         {product} {ergonomic}
     uint ConcGCThreads                            = 2                                         {product} {ergonomic}
     uint G1ConcRefinementThreads                  = 8                                         {product} {ergonomic}
   size_t G1HeapRegionSize                         = 1048576                                   {product} {ergonomic}
    uintx GCDrainStackTargetSize                   = 64                                        {product} {ergonomic}
   size_t InitialHeapSize                          = 134217728                                 {product} {ergonomic}
   size_t MarkStackSize                            = 4194304                                   {product} {ergonomic}
   size_t MaxHeapSize                              = 1610612736                                {product} {command line}
   size_t MaxNewSize                               = 965738496                                 {product} {ergonomic}
   size_t MinHeapDeltaBytes                        = 1048576                                   {product} {ergonomic}
    uintx NonNMethodCodeHeapSize                   = 5836300                                {pd product} {ergonomic}
    uintx NonProfiledCodeHeapSize                  = 122910970                              {pd product} {ergonomic}
    uintx ProfiledCodeHeapSize                     = 122910970                              {pd product} {ergonomic}
    uintx ReservedCodeCacheSize                    = 251658240                              {pd product} {ergonomic}
     bool SegmentedCodeCache                       = true                                      {product} {ergonomic}
     bool UseCompressedClassPointers               = true                                 {lp64_product} {ergonomic}
     bool UseCompressedOops                        = true                                 {lp64_product} {ergonomic}
     bool UseG1GC                                  = true                                      {product} {ergonomic}
     bool UseLargePagesIndividualAllocation        = false                                  {pd product} {ergonomic}

Logging:
Log output configuration:
 #0: stdout all=warning uptime,level,tags
 #1: stderr all=off uptime,level,tags

Environment Variables:
JAVA_HOME=E:\Software\Android Studios\jre
CLASSPATH=E:\Projects\AusamProject\App\Automated-Gate-UI\Controler_app\controller\android\\gradle\wrapper\gradle-wrapper.jar
PATH=C:\Program Files (x86)\Common Files\Intel\Shared Libraries\redist\intel64\compiler;C:\Python311\Scripts\;C:\Python311\;C:\Program Files\Common Files\Oracle\Java\javapath;C:\WINDOWS\system32;C:\WINDOWS;C:\WINDOWS\System32\Wbem;C:\WINDOWS\System32\WindowsPowerShell\v1.0\;C:\WINDOWS\System32\OpenSSH\;E:\Software\Git\cmd;E:\Software\Node\;C:\ProgramData\chocolatey\bin;C:\Users\rishi\AppData\Local\Pub\Cache\bin;C:\Program Files\MySQL\MySQL Server 8.0\bin;C:\Program Files\dotnet\;C:\Program Files\MySQL\MySQL Shell 8.0\bin\;E:\Software\Scripts\;E:\Software\python;C:\Users\rishi\AppData\Local\Microsoft\WindowsApps;E:\Software\Flutter\flutter\bin;E:\Software\Microsoft VS Code\bin;E:\Software\Flutter\flutter\bin;E:\Software\pycharm\PyCharm Community Edition 2022.1.3\bin;;E:\Software\python\Scripts;E:\Projects\firebase_cli\firebase-tools-instant-win;C:\Users\rishi\AppData\Roaming\npm;E:\Software\IntelliJ IDEA Community Edition 2022.3.1\bin;;E:\Software\Flutter\flutter\bin\mingit\cmd
USERNAME=rishi
OS=Windows_NT
PROCESSOR_IDENTIFIER=Intel64 Family 6 Model 142 Stepping 11, GenuineIntel



---------------  S Y S T E M  ---------------

OS: Windows 10 , 64 bit Build 19041 (10.0.19041.2546)
OS uptime: 3 days 1:33 hours

CPU:total 8 (initial active 8) (4 cores per cpu, 2 threads per core) family 6 model 142 stepping 11 microcode 0xec, cmov, cx8, fxsr, mmx, sse, sse2, sse3, ssse3, sse4.1, sse4.2, popcnt, avx, avx2, aes, clmul, erms, 3dnowpref, lzcnt, ht, tsc, tscinvbit, bmi1, bmi2, adx, fma

Memory: 4k page, system-wide physical 8073M (246M free)
TotalPageFile size 14484M (AvailPageFile size 247M)
current process WorkingSet (physical memory assigned to process): 568M, peak: 631M
current process commit charge ("private bytes"): 682M, peak: 734M

vm_info: OpenJDK 64-Bit Server VM (11.0.12+7-b1504.28-7817840) for windows-amd64 JRE (11.0.12+7-b1504.28-7817840), built on Oct 13 2021 22:12:33 by "builder" with MS VC++ 14.0 (VS2015)

END.
